[35m[1mConsolidate compiler generated dependencies of target goto_target_node[0m
[ 50%] Built target target_sequence_node
[ 75%] [32mBuilding CXX object CMakeFiles/goto_target_node.dir/src/goto_target_node.cpp.o[0m
[01m[K/root/ros2_ws/src/project_03/src/goto_target_node.cpp:[m[K In member function â€˜[01m[Kvoid GotoNode::publish_goto_state(double, double, double, const string&)[m[Kâ€™:
[01m[K/root/ros2_ws/src/project_03/src/goto_target_node.cpp:110:5:[m[K [01;31m[Kerror: [m[Kâ€˜[01m[Kgoto_status_state_msg[m[Kâ€™ was not declared in this scope; did you mean â€˜[01m[Kgoto_status_msg[m[Kâ€™?
  110 |     [01;31m[Kgoto_status_state_msg[m[K.state          = state;
      |     [01;31m[K^~~~~~~~~~~~~~~~~~~~~[m[K
      |     [32m[Kgoto_status_msg[m[K
[01m[K/root/ros2_ws/src/project_03/src/goto_target_node.cpp:113:5:[m[K [01;31m[Kerror: [m[Kâ€˜[01m[Kgoto_state_publisher_[m[Kâ€™ was not declared in this scope; did you mean â€˜[01m[Kgoto_status_publisher_[m[Kâ€™?
  113 |     [01;31m[Kgoto_state_publisher_[m[K->publish(goto_state_msg);
      |     [01;31m[K^~~~~~~~~~~~~~~~~~~~~[m[K
      |     [32m[Kgoto_status_publisher_[m[K
[01m[K/root/ros2_ws/src/project_03/src/goto_target_node.cpp:113:36:[m[K [01;31m[Kerror: [m[Kâ€˜[01m[Kgoto_state_msg[m[Kâ€™ was not declared in this scope; did you mean â€˜[01m[Kgoto_status_msg[m[Kâ€™?
  113 |     goto_state_publisher_->publish([01;31m[Kgoto_state_msg[m[K);
      |                                    [01;31m[K^~~~~~~~~~~~~~[m[K
      |                                    [32m[Kgoto_status_msg[m[K
[01m[K/root/ros2_ws/src/project_03/src/goto_target_node.cpp:106:51:[m[K [01;35m[Kwarning: [m[Kunused parameter â€˜[01m[Ky_offset[m[Kâ€™ [[01;35m[K]8;;https://gcc.gnu.org/onlinedocs/gcc/Warning-Options.html#index-Wunused-parameter-Wunused-parameter]8;;[m[K]
  106 |   void publish_goto_state(double x_offset, [01;35m[Kdouble y_offset[m[K, double theta_offset, const std::string& state) {
      |                                            [01;35m[K~~~~~~~^~~~~~~~[m[K
gmake[2]: *** [CMakeFiles/goto_target_node.dir/build.make:76: CMakeFiles/goto_target_node.dir/src/goto_target_node.cpp.o] Error 1
gmake[1]: *** [CMakeFiles/Makefile2:139: CMakeFiles/goto_target_node.dir/all] Error 2
gmake: *** [Makefile:146: all] Error 2
