[0.025s] Invoking command in '/root/ros2_ws/build/endicott': CMAKE_PREFIX_PATH=${CMAKE_PREFIX_PATH}:/opt/ros/humble /usr/bin/cmake --build /root/ros2_ws/build/endicott -- -j8 -l8
[0.124s] [35m[1mConsolidate compiler generated dependencies of target endicott_turtle_controler[0m
[0.146s] [ 50%] [32mBuilding CXX object CMakeFiles/endicott_turtle_controler.dir/src/endicott_turtle_controler.cpp.o[0m
[0.612s] [01m[K/root/ros2_ws/src/endicott/src/endicott_turtle_controler.cpp:3:10:[m[K [01;31m[Kfatal error: [m[Kturtlesim/srv/set_absolute.hpp: No such file or directory
[0.612s]     3 | #include [01;31m[K<turtlesim/srv/set_absolute.hpp>[m[K
[0.612s]       |          [01;31m[K^~~~~~~~~~~~~~~~~~~~~~~~~~~~~~~~[m[K
[0.613s] compilation terminated.
[0.614s] gmake[2]: *** [CMakeFiles/endicott_turtle_controler.dir/build.make:76: CMakeFiles/endicott_turtle_controler.dir/src/endicott_turtle_controler.cpp.o] Error 1
[0.615s] gmake[1]: *** [CMakeFiles/Makefile2:137: CMakeFiles/endicott_turtle_controler.dir/all] Error 2
[0.615s] gmake: *** [Makefile:146: all] Error 2
[0.617s] Invoked command in '/root/ros2_ws/build/endicott' returned '2': CMAKE_PREFIX_PATH=${CMAKE_PREFIX_PATH}:/opt/ros/humble /usr/bin/cmake --build /root/ros2_ws/build/endicott -- -j8 -l8
