[0.012s] Invoking command in '/root/ros2_ws/build/turtlesim': CMAKE_PREFIX_PATH=${CMAKE_PREFIX_PATH}:/opt/ros/humble /usr/bin/cmake --build /root/ros2_ws/build/turtlesim -- -j8 -l8
[0.055s] [  1%] Built target turtlesim__cpp
[0.055s] [ 11%] Built target turtlesim__rosidl_generator_c
[0.067s] [ 11%] Built target ament_cmake_python_copy_turtlesim
[0.083s] [ 21%] Built target turtlesim__rosidl_typesupport_cpp
[0.088s] [ 31%] Built target turtlesim__rosidl_typesupport_introspection_cpp
[0.092s] [ 41%] Built target turtlesim__rosidl_typesupport_fastrtps_cpp
[0.102s] [ 51%] Built target turtlesim__rosidl_typesupport_c
[0.103s] [ 66%] Built target turtlesim__rosidl_typesupport_introspection_c
[0.104s] [ 71%] Built target turtlesim__rosidl_typesupport_fastrtps_c
[0.105s] [35m[1mConsolidate compiler generated dependencies of target turtlesim_node[0m
[0.121s] [ 73%] Built target turtle_teleop_key
[0.126s] [ 73%] Built target turtlesim
[0.131s] [ 75%] Built target mimic
[0.135s] [ 77%] Built target draw_square
[0.140s] [ 78%] [32mBuilding CXX object CMakeFiles/turtlesim_node.dir/src/turtle_frame.cpp.o[0m
[0.146s] [ 79%] Built target turtlesim__py
[0.170s] [ 88%] Built target turtlesim__rosidl_generator_py
[0.189s] [ 90%] Built target turtlesim__rosidl_typesupport_fastrtps_c__pyext
[0.192s] [ 94%] Built target turtlesim__rosidl_typesupport_introspection_c__pyext
[0.192s] [ 94%] Built target turtlesim__rosidl_typesupport_c__pyext
[0.299s] running egg_info
[0.300s] writing turtlesim.egg-info/PKG-INFO
[0.300s] writing dependency_links to turtlesim.egg-info/dependency_links.txt
[0.300s] writing top-level names to turtlesim.egg-info/top_level.txt
[0.302s] reading manifest file 'turtlesim.egg-info/SOURCES.txt'
[0.303s] writing manifest file 'turtlesim.egg-info/SOURCES.txt'
[0.326s] [ 94%] Built target ament_cmake_python_build_turtlesim_egg
[3.609s] [01m[K/root/ros2_ws/src/ros_tutorials/turtlesim/src/turtle_frame.cpp:[m[K In member function â€˜[01m[Kvirtual void turtlesim::TurtleFrame::paintEvent(QPaintEvent*)[m[Kâ€™:
[3.609s] [01m[K/root/ros2_ws/src/ros_tutorials/turtlesim/src/turtle_frame.cpp:247:8:[m[K [01;31m[Kerror: [m[Kredeclaration of â€˜[01m[KQRgb background_color2[m[Kâ€™
[3.609s]   247 |   QRgb [01;31m[Kbackground_color2[m[K = qRgb(0, 0, 0);
[3.609s]       |        [01;31m[K^~~~~~~~~~~~~~~~~[m[K
[3.609s] [01m[K/root/ros2_ws/src/ros_tutorials/turtlesim/src/turtle_frame.cpp:245:8:[m[K [01;36m[Knote: [m[Kâ€˜[01m[KQRgb background_color2[m[Kâ€™ previously declared here
[3.609s]   245 |   QRgb [01;36m[Kbackground_color2[m[K = qRgb(0, 0, 0);
[3.609s]       |        [01;36m[K^~~~~~~~~~~~~~~~~[m[K
[6.468s] gmake[2]: *** [CMakeFiles/turtlesim_node.dir/build.make:108: CMakeFiles/turtlesim_node.dir/src/turtle_frame.cpp.o] Error 1
[6.468s] gmake[1]: *** [CMakeFiles/Makefile2:599: CMakeFiles/turtlesim_node.dir/all] Error 2
[6.469s] gmake: *** [Makefile:146: all] Error 2
[6.472s] Invoked command in '/root/ros2_ws/build/turtlesim' returned '2': CMAKE_PREFIX_PATH=${CMAKE_PREFIX_PATH}:/opt/ros/humble /usr/bin/cmake --build /root/ros2_ws/build/turtlesim -- -j8 -l8
