[  1%] Built target turtlesim__cpp
[ 11%] Built target turtlesim__rosidl_generator_c
[ 11%] Built target ament_cmake_python_copy_turtlesim
[ 21%] Built target turtlesim__rosidl_typesupport_cpp
[ 31%] Built target turtlesim__rosidl_typesupport_fastrtps_cpp
[ 41%] Built target turtlesim__rosidl_typesupport_c
[ 54%] Built target turtlesim__rosidl_typesupport_fastrtps_c
[ 61%] Built target turtlesim__rosidl_typesupport_introspection_cpp
[ 71%] Built target turtlesim__rosidl_typesupport_introspection_c
[35m[1mConsolidate compiler generated dependencies of target turtlesim_node[0m
[ 75%] Built target mimic
[ 75%] Built target turtlesim
[ 73%] Built target draw_square
[ 77%] Built target turtle_teleop_key
[ 78%] Built target turtlesim__py
[ 79%] [32mBuilding CXX object CMakeFiles/turtlesim_node.dir/src/turtle_frame.cpp.o[0m
[ 88%] Built target turtlesim__rosidl_generator_py
[ 90%] Built target turtlesim__rosidl_typesupport_c__pyext
[ 92%] Built target turtlesim__rosidl_typesupport_fastrtps_c__pyext
[ 94%] Built target turtlesim__rosidl_typesupport_introspection_c__pyext
running egg_info
writing turtlesim.egg-info/PKG-INFO
writing dependency_links to turtlesim.egg-info/dependency_links.txt
writing top-level names to turtlesim.egg-info/top_level.txt
reading manifest file 'turtlesim.egg-info/SOURCES.txt'
writing manifest file 'turtlesim.egg-info/SOURCES.txt'
[ 94%] Built target ament_cmake_python_build_turtlesim_egg
[01m[K/root/ros2_ws/src/ros_tutorials/turtlesim/src/turtle_frame.cpp:[m[K In member function â€˜[01m[Kvirtual void turtlesim::TurtleFrame::paintEvent(QPaintEvent*)[m[Kâ€™:
[01m[K/root/ros2_ws/src/ros_tutorials/turtlesim/src/turtle_frame.cpp:246:8:[m[K [01;31m[Kerror: [m[Kredeclaration of â€˜[01m[KQRgb background_color[m[Kâ€™
  246 |   QRgb [01;31m[Kbackground_color[m[K = qRgb(g, b, r);
      |        [01;31m[K^~~~~~~~~~~~~~~~[m[K
[01m[K/root/ros2_ws/src/ros_tutorials/turtlesim/src/turtle_frame.cpp:244:8:[m[K [01;36m[Knote: [m[Kâ€˜[01m[KQRgb background_color[m[Kâ€™ previously declared here
  244 |   QRgb [01;36m[Kbackground_color[m[K = qRgb(r, g, b);
      |        [01;36m[K^~~~~~~~~~~~~~~~[m[K
gmake[2]: *** [CMakeFiles/turtlesim_node.dir/build.make:108: CMakeFiles/turtlesim_node.dir/src/turtle_frame.cpp.o] Error 1
gmake[1]: *** [CMakeFiles/Makefile2:599: CMakeFiles/turtlesim_node.dir/all] Error 2
gmake: *** [Makefile:146: all] Error 2
