[01m[K/root/ros2_ws/src/endicott/src/endicott_turtle_controler.cpp:77:21:[m[K [01;31m[Kerror: [m[Kâ€˜[01m[Kgeometry_msgs[m[Kâ€™ was not declared in this scope
   77 |   rclcpp::Publisher<[01;31m[Kgeometry_msgs[m[K::msg::Twist>::SharedPtr velocity_publisher_;
      |                     [01;31m[K^~~~~~~~~~~~~[m[K
[01m[K/root/ros2_ws/src/endicott/src/endicott_turtle_controler.cpp:77:46:[m[K [01;31m[Kerror: [m[Ktemplate argument 1 is invalid
   77 |   rclcpp::Publisher<geometry_msgs::msg::Twist[01;31m[K>[m[K::SharedPtr velocity_publisher_;
      |                                              [01;31m[K^[m[K
[01m[K/root/ros2_ws/src/endicott/src/endicott_turtle_controler.cpp:77:49:[m[K [01;31m[Kerror: [m[Kexpected â€˜[01m[K;[m[Kâ€™ at end of member declaration
   77 |   rclcpp::Publisher<geometry_msgs::msg::Twist>::[01;31m[KSharedPtr[m[K velocity_publisher_;
      |                                                 [01;31m[K^~~~~~~~~[m[K
      |                                                          [32m[K;[m[K
[01m[K/root/ros2_ws/src/endicott/src/endicott_turtle_controler.cpp:77:59:[m[K [01;31m[Kerror: [m[Kâ€˜[01m[Kvelocity_publisher_[m[Kâ€™ does not name a type
   77 |   rclcpp::Publisher<geometry_msgs::msg::Twist>::SharedPtr [01;31m[Kvelocity_publisher_[m[K;
      |                                                           [01;31m[K^~~~~~~~~~~~~~~~~~~[m[K
[01m[K/root/ros2_ws/src/endicott/src/endicott_turtle_controler.cpp:[m[K In constructor â€˜[01m[KGotoNode::GotoNode()[m[Kâ€™:
[01m[K/root/ros2_ws/src/endicott/src/endicott_turtle_controler.cpp:15:5:[m[K [01;31m[Kerror: [m[Kâ€˜[01m[Kvelocity_publisher_[m[Kâ€™ was not declared in this scope; did you mean â€˜[01m[Kcount_publishers[m[Kâ€™?
   15 |     [01;31m[Kvelocity_publisher_[m[K = create_publisher<geometry_msgs::msg::Twist>("/turtle1/cmd_vel", 10);
      |     [01;31m[K^~~~~~~~~~~~~~~~~~~[m[K
      |     [32m[Kcount_publishers[m[K
[01m[K/root/ros2_ws/src/endicott/src/endicott_turtle_controler.cpp:15:44:[m[K [01;31m[Kerror: [m[Kâ€˜[01m[Kgeometry_msgs[m[Kâ€™ was not declared in this scope
   15 |     velocity_publisher_ = create_publisher<[01;31m[Kgeometry_msgs[m[K::msg::Twist>("/turtle1/cmd_vel", 10);
      |                                            [01;31m[K^~~~~~~~~~~~~[m[K
[01m[K/root/ros2_ws/src/endicott/src/endicott_turtle_controler.cpp:15:27:[m[K [01;31m[Kerror: [m[Kparse error in template argument list
   15 |     velocity_publisher_ = [01;31m[Kcreate_publisher<geometry_msgs::msg::Twist>[m[K("/turtle1/cmd_vel", 10);
      |                           [01;31m[K^~~~~~~~~~~~~~~~~~~~~~~~~~~~~~~~~~~~~~~~~~~[m[K
[01m[K/root/ros2_ws/src/endicott/src/endicott_turtle_controler.cpp:15:70:[m[K [01;31m[Kerror: [m[Kno matching function for call to â€˜[01m[KGotoNode::create_publisher<<expression error> >(const char [17], int)[m[Kâ€™
   15 |     velocity_publisher_ = [01;31m[Kcreate_publisher<geometry_msgs::msg::Twist>("/turtle1/cmd_vel", 10)[m[K;
      |                           [01;31m[K~~~~~~~~~~~~~~~~~~~~~~~~~~~~~~~~~~~~~~~~~~~^~~~~~~~~~~~~~~~~~~~~~~~[m[K
In file included from [01m[K/opt/ros/humble/include/rclcpp/rclcpp/executors/single_threaded_executor.hpp:28[m[K,
                 from [01m[K/opt/ros/humble/include/rclcpp/rclcpp/executors.hpp:22[m[K,
                 from [01m[K/opt/ros/humble/include/rclcpp/rclcpp/rclcpp.hpp:155[m[K,
                 from [01m[K/root/ros2_ws/src/endicott/src/endicott_turtle_controler.cpp:2[m[K:
[01m[K/opt/ros/humble/include/rclcpp/rclcpp/node.hpp:195:3:[m[K [01;36m[Knote: [m[Kcandidate: â€˜[01m[Ktemplate<class MessageT, class AllocatorT, class PublisherT> std::shared_ptr<PublisherT> rclcpp::Node::create_publisher(const string&, const rclcpp::QoS&, const rclcpp::PublisherOptionsWithAllocator<AllocatorT>&)[m[Kâ€™
  195 |   [01;36m[Kcreate_publisher[m[K(
      |   [01;36m[K^~~~~~~~~~~~~~~~[m[K
[01m[K/opt/ros/humble/include/rclcpp/rclcpp/node.hpp:195:3:[m[K [01;36m[Knote: [m[K  template argument deduction/substitution failed:
[01m[K/root/ros2_ws/src/endicott/src/endicott_turtle_controler.cpp:15:70:[m[K [01;31m[Kerror: [m[Ktemplate argument 1 is invalid
   15 |     velocity_publisher_ = [01;31m[Kcreate_publisher<geometry_msgs::msg::Twist>("/turtle1/cmd_vel", 10)[m[K;
      |                           [01;31m[K~~~~~~~~~~~~~~~~~~~~~~~~~~~~~~~~~~~~~~~~~~~^~~~~~~~~~~~~~~~~~~~~~~~[m[K
[01m[K/root/ros2_ws/src/endicott/src/endicott_turtle_controler.cpp:[m[K In member function â€˜[01m[Kvoid GotoNode::rotate_turtle(double)[m[Kâ€™:
[01m[K/root/ros2_ws/src/endicott/src/endicott_turtle_controler.cpp:60:9:[m[K [01;31m[Kerror: [m[Kâ€˜[01m[Kgeometry_msgs[m[Kâ€™ has not been declared
   60 |         [01;31m[Kgeometry_msgs[m[K::msg::Twist twist_msg;
      |         [01;31m[K^~~~~~~~~~~~~[m[K
[01m[K/root/ros2_ws/src/endicott/src/endicott_turtle_controler.cpp:61:9:[m[K [01;31m[Kerror: [m[Kâ€˜[01m[Ktwist_msg[m[Kâ€™ was not declared in this scope
   61 |         [01;31m[Ktwist_msg[m[K.angular.z = angular_error;
      |         [01;31m[K^~~~~~~~~[m[K
[01m[K/root/ros2_ws/src/endicott/src/endicott_turtle_controler.cpp:62:9:[m[K [01;31m[Kerror: [m[Kâ€˜[01m[Kvelocity_publisher_[m[Kâ€™ was not declared in this scope; did you mean â€˜[01m[Kcount_publishers[m[Kâ€™?
   62 |         [01;31m[Kvelocity_publisher_[m[K->publish(twist_msg);
      |         [01;31m[K^~~~~~~~~~~~~~~~~~~[m[K
      |         [32m[Kcount_publishers[m[K
[01m[K/root/ros2_ws/src/endicott/src/endicott_turtle_controler.cpp:[m[K In member function â€˜[01m[Kvoid GotoNode::move_forward(double)[m[Kâ€™:
[01m[K/root/ros2_ws/src/endicott/src/endicott_turtle_controler.cpp:66:5:[m[K [01;31m[Kerror: [m[Kâ€˜[01m[Kgeometry_msgs[m[Kâ€™ has not been declared
   66 |     [01;31m[Kgeometry_msgs[m[K::msg::Twist twist_msg;
      |     [01;31m[K^~~~~~~~~~~~~[m[K
[01m[K/root/ros2_ws/src/endicott/src/endicott_turtle_controler.cpp:67:5:[m[K [01;31m[Kerror: [m[Kâ€˜[01m[Ktwist_msg[m[Kâ€™ was not declared in this scope
   67 |     [01;31m[Ktwist_msg[m[K.linear.x = distance;
      |     [01;31m[K^~~~~~~~~[m[K
[01m[K/root/ros2_ws/src/endicott/src/endicott_turtle_controler.cpp:68:5:[m[K [01;31m[Kerror: [m[Kâ€˜[01m[Kvelocity_publisher_[m[Kâ€™ was not declared in this scope; did you mean â€˜[01m[Kcount_publishers[m[Kâ€™?
   68 |     [01;31m[Kvelocity_publisher_[m[K->publish(twist_msg);
      |     [01;31m[K^~~~~~~~~~~~~~~~~~~[m[K
      |     [32m[Kcount_publishers[m[K
[01m[K/root/ros2_ws/src/endicott/src/endicott_turtle_controler.cpp:[m[K In member function â€˜[01m[Kvoid GotoNode::stop_turtle()[m[Kâ€™:
[01m[K/root/ros2_ws/src/endicott/src/endicott_turtle_controler.cpp:73:5:[m[K [01;31m[Kerror: [m[Kâ€˜[01m[Kgeometry_msgs[m[Kâ€™ has not been declared
   73 |     [01;31m[Kgeometry_msgs[m[K::msg::Twist twist_msg;
      |     [01;31m[K^~~~~~~~~~~~~[m[K
[01m[K/root/ros2_ws/src/endicott/src/endicott_turtle_controler.cpp:74:5:[m[K [01;31m[Kerror: [m[Kâ€˜[01m[Kvelocity_publisher_[m[Kâ€™ was not declared in this scope; did you mean â€˜[01m[Kcount_publishers[m[Kâ€™?
   74 |     [01;31m[Kvelocity_publisher_[m[K->publish(twist_msg);
      |     [01;31m[K^~~~~~~~~~~~~~~~~~~[m[K
      |     [32m[Kcount_publishers[m[K
[01m[K/root/ros2_ws/src/endicott/src/endicott_turtle_controler.cpp:74:34:[m[K [01;31m[Kerror: [m[Kâ€˜[01m[Ktwist_msg[m[Kâ€™ was not declared in this scope
   74 |     velocity_publisher_->publish([01;31m[Ktwist_msg[m[K);
      |                                  [01;31m[K^~~~~~~~~[m[K
[01m[K/root/ros2_ws/src/endicott/src/endicott_turtle_controler.cpp:[m[K In function â€˜[01m[Kint main(int, char**)[m[Kâ€™:
[01m[K/root/ros2_ws/src/endicott/src/endicott_turtle_controler.cpp:103:22:[m[K [01;31m[Kerror: [m[Kâ€˜[01m[Kbool GotoNode::moving_[m[Kâ€™ is private within this context
  103 |     while(goto_node->[01;31m[Kmoving_[m[K){
      |                      [01;31m[K^~~~~~~[m[K
[01m[K/root/ros2_ws/src/endicott/src/endicott_turtle_controler.cpp:85:8:[m[K [01;36m[Knote: [m[Kdeclared private here
   85 |   bool [01;36m[Kmoving_[m[K = false;
      |        [01;36m[K^~~~~~~[m[K
gmake[2]: *** [CMakeFiles/endicott_turtle_controler.dir/build.make:76: CMakeFiles/endicott_turtle_controler.dir/src/endicott_turtle_controler.cpp.o] Error 1
gmake[1]: *** [CMakeFiles/Makefile2:137: CMakeFiles/endicott_turtle_controler.dir/all] Error 2
gmake: *** [Makefile:146: all] Error 2
