[0.015s] Invoking command in '/root/ros2_ws/build/endicott': CMAKE_PREFIX_PATH=${CMAKE_PREFIX_PATH}:/opt/ros/humble /usr/bin/cmake --build /root/ros2_ws/build/endicott -- -j8 -l8
[0.057s] [ 50%] [32mBuilding CXX object CMakeFiles/endicott_turtle_controler.dir/src/endicott_turtle_controler.cpp.o[0m
[0.069s] [01m[K/root/ros2_ws/src/endicott/src/endicott_turtle_controler.cpp:2:33:[m[K [01;31m[Kerror: [m[Kmissing terminating > character
[0.069s]     2 | #include <turtlesim/msg/pose.hpp
[0.069s]       |                                 [01;31m[K^[m[K
[0.069s] [01m[K/root/ros2_ws/src/endicott/src/endicott_turtle_controler.cpp:2:10:[m[K [01;31m[Kfatal error: [m[Kturtlesim/msg/pose.hpp: No such file or directory
[0.069s]     2 | #include [01;31m[K<[m[Kturtlesim/msg/pose.hpp
[0.070s]       |          [01;31m[K^[m[K
[0.070s] compilation terminated.
[0.071s] gmake[2]: *** [CMakeFiles/endicott_turtle_controler.dir/build.make:76: CMakeFiles/endicott_turtle_controler.dir/src/endicott_turtle_controler.cpp.o] Error 1
[0.071s] gmake[1]: *** [CMakeFiles/Makefile2:137: CMakeFiles/endicott_turtle_controler.dir/all] Error 2
[0.073s] gmake: *** [Makefile:146: all] Error 2
[0.080s] Invoked command in '/root/ros2_ws/build/endicott' returned '2': CMAKE_PREFIX_PATH=${CMAKE_PREFIX_PATH}:/opt/ros/humble /usr/bin/cmake --build /root/ros2_ws/build/endicott -- -j8 -l8
