[0.014s] Invoking command in '/root/ros2_ws/build/turtlesim': CMAKE_PREFIX_PATH=${CMAKE_PREFIX_PATH}:/opt/ros/humble /usr/bin/cmake --build /root/ros2_ws/build/turtlesim -- -j8 -l8
[0.054s] [  1%] Built target turtlesim__cpp
[0.058s] [ 11%] Built target turtlesim__rosidl_generator_c
[0.064s] [ 11%] Built target ament_cmake_python_copy_turtlesim
[0.085s] [ 21%] Built target turtlesim__rosidl_typesupport_cpp
[0.085s] [ 31%] Built target turtlesim__rosidl_typesupport_introspection_cpp
[0.087s] [ 41%] Built target turtlesim__rosidl_typesupport_c
[0.092s] [ 51%] Built target turtlesim__rosidl_typesupport_fastrtps_cpp
[0.093s] [ 61%] Built target turtlesim__rosidl_typesupport_fastrtps_c
[0.097s] [ 71%] Built target turtlesim__rosidl_typesupport_introspection_c
[0.108s] [35m[1mConsolidate compiler generated dependencies of target turtlesim_node[0m
[0.110s] [ 73%] Built target turtle_teleop_key
[0.118s] [ 73%] Built target turtlesim
[0.123s] [ 75%] Built target draw_square
[0.125s] [ 77%] Built target mimic
[0.141s] [ 78%] Built target turtlesim__py
[0.143s] [ 79%] [32mBuilding CXX object CMakeFiles/turtlesim_node.dir/src/turtle_frame.cpp.o[0m
[0.164s] [ 88%] Built target turtlesim__rosidl_generator_py
[0.185s] [ 90%] Built target turtlesim__rosidl_typesupport_fastrtps_c__pyext
[0.185s] [ 92%] Built target turtlesim__rosidl_typesupport_introspection_c__pyext
[0.185s] [ 94%] Built target turtlesim__rosidl_typesupport_c__pyext
[0.307s] running egg_info
[0.308s] writing turtlesim.egg-info/PKG-INFO
[0.309s] writing dependency_links to turtlesim.egg-info/dependency_links.txt
[0.309s] writing top-level names to turtlesim.egg-info/top_level.txt
[0.314s] reading manifest file 'turtlesim.egg-info/SOURCES.txt'
[0.315s] writing manifest file 'turtlesim.egg-info/SOURCES.txt'
[0.345s] [ 94%] Built target ament_cmake_python_build_turtlesim_egg
[3.553s] [01m[K/root/ros2_ws/src/ros_tutorials/turtlesim/src/turtle_frame.cpp:[m[K In member function â€˜[01m[Kvirtual void turtlesim::TurtleFrame::paintEvent(QPaintEvent*)[m[Kâ€™:
[3.553s] [01m[K/root/ros2_ws/src/ros_tutorials/turtlesim/src/turtle_frame.cpp:245:3:[m[K [01;31m[Kerror: [m[Kâ€˜[01m[Kbackground_color2[m[Kâ€™ was not declared in this scope; did you mean â€˜[01m[Kbackground_color[m[Kâ€™?
[3.554s]   245 |   [01;31m[Kbackground_color2[m[K = qRgb(0, 0, 0);
[3.554s]       |   [01;31m[K^~~~~~~~~~~~~~~~~[m[K
[3.554s]       |   [32m[Kbackground_color[m[K
[3.554s] [01m[K/root/ros2_ws/src/ros_tutorials/turtlesim/src/turtle_frame.cpp:246:15:[m[K [01;31m[Kerror: [m[Kexpected initializer before â€˜[01m[K.[m[Kâ€™ token
[3.554s]   246 |   QRgb painter[01;31m[K.[m[KfillRect(0, 0, width(), height(), background_color);
[3.554s]       |               [01;31m[K^[m[K
[6.429s] gmake[2]: *** [CMakeFiles/turtlesim_node.dir/build.make:108: CMakeFiles/turtlesim_node.dir/src/turtle_frame.cpp.o] Error 1
[6.429s] gmake[1]: *** [CMakeFiles/Makefile2:599: CMakeFiles/turtlesim_node.dir/all] Error 2
[6.429s] gmake: *** [Makefile:146: all] Error 2
[6.433s] Invoked command in '/root/ros2_ws/build/turtlesim' returned '2': CMAKE_PREFIX_PATH=${CMAKE_PREFIX_PATH}:/opt/ros/humble /usr/bin/cmake --build /root/ros2_ws/build/turtlesim -- -j8 -l8
