[0.026s] Invoking command in '/root/ros2_ws/build/endicott': CMAKE_PREFIX_PATH=${CMAKE_PREFIX_PATH}:/opt/ros/humble /usr/bin/cmake --build /root/ros2_ws/build/endicott -- -j8 -l8
[0.073s] -- Found ament_cmake: 1.3.11 (/opt/ros/humble/share/ament_cmake/cmake)
[0.285s] -- Found ament_index_cpp: 1.4.0 (/opt/ros/humble/share/ament_index_cpp/cmake)
[0.287s] -- Found geometry_msgs: 4.2.4 (/opt/ros/humble/share/geometry_msgs/cmake)
[0.400s] -- Found rosidl_generator_c: 3.1.6 (/opt/ros/humble/share/rosidl_generator_c/cmake)
[0.404s] -- Found rosidl_adapter: 3.1.6 (/opt/ros/humble/share/rosidl_adapter/cmake)
[0.416s] -- Found rosidl_generator_cpp: 3.1.6 (/opt/ros/humble/share/rosidl_generator_cpp/cmake)
[0.435s] -- Using all available rosidl_typesupport_c: rosidl_typesupport_fastrtps_c;rosidl_typesupport_introspection_c
[0.461s] -- Using all available rosidl_typesupport_cpp: rosidl_typesupport_fastrtps_cpp;rosidl_typesupport_introspection_cpp
[0.515s] -- Found rclcpp: 16.0.11 (/opt/ros/humble/share/rclcpp/cmake)
[0.570s] -- Found rmw_implementation_cmake: 6.1.2 (/opt/ros/humble/share/rmw_implementation_cmake/cmake)
[0.573s] -- Found rmw_fastrtps_cpp: 6.2.7 (/opt/ros/humble/share/rmw_fastrtps_cpp/cmake)
[3.892s] -- Using RMW implementation 'rmw_fastrtps_cpp' as default
[3.954s] -- Found rclcpp_action: 16.0.11 (/opt/ros/humble/share/rclcpp_action/cmake)
[4.020s] -- Found std_srvs: 4.2.4 (/opt/ros/humble/share/std_srvs/cmake)
[4.042s] -- Found turtlesim: 1.4.2 (/root/ros2_ws/install/turtlesim/share/turtlesim/cmake)
[4.061s] -- Found ament_lint_auto: 0.12.11 (/opt/ros/humble/share/ament_lint_auto/cmake)
[4.148s] -- Added test 'cppcheck' to perform static code analysis on C / C++ code
[4.148s] -- Configured cppcheck include dirs: $<BUILD_INTERFACE:/root/ros2_ws/src/endicott/include>
[4.148s] -- Configured cppcheck exclude dirs and/or files: 
[4.150s] -- Added test 'lint_cmake' to check CMake code style
[4.151s] -- Added test 'uncrustify' to check C / C++ code style
[4.151s] -- Configured uncrustify additional arguments: 
[4.152s] -- Added test 'xmllint' to check XML markup files
[4.156s] -- Configuring done
[4.173s] -- Generating done
[4.177s] -- Build files have been written to: /root/ros2_ws/build/endicott
[4.200s] [35m[1mConsolidate compiler generated dependencies of target endicott_turtle_controler[0m
[4.212s] [ 50%] [32mBuilding CXX object CMakeFiles/endicott_turtle_controler.dir/src/endicott_turtle_controler.cpp.o[0m
[4.624s] [01m[K/root/ros2_ws/src/endicott/src/endicott_turtle_controler.cpp:11:25:[m[K [01;31m[Kerror: [m[Kâ€˜[01m[Krclcpp[m[Kâ€™ has not been declared
[4.624s]    11 | class GotoNode : public [01;31m[Krclcpp[m[K::Node {
[4.624s]       |                         [01;31m[K^~~~~~[m[K
[4.624s] [01m[K/root/ros2_ws/src/endicott/src/endicott_turtle_controler.cpp:11:33:[m[K [01;31m[Kerror: [m[Kexpected â€˜[01m[K{[m[Kâ€™ before â€˜[01m[KNode[m[Kâ€™
[4.624s]    11 | class GotoNode : public rclcpp::[01;31m[KNode[m[K {
[4.624s]       |                                 [01;31m[K^~~~[m[K
[4.624s] [01m[K/root/ros2_ws/src/endicott/src/endicott_turtle_controler.cpp:12:1:[m[K [01;31m[Kerror: [m[Kexpected primary-expression before â€˜[01m[Kpublic[m[Kâ€™
[4.624s]    12 | [01;31m[Kpublic[m[K:
[4.624s]       | [01;31m[K^~~~~~[m[K
[4.624s] [01m[K/root/ros2_ws/src/endicott/src/endicott_turtle_controler.cpp:12:1:[m[K [01;31m[Kerror: [m[Kexpected â€˜[01m[K}[m[Kâ€™ before â€˜[01m[Kpublic[m[Kâ€™
[4.625s] [01m[K/root/ros2_ws/src/endicott/src/endicott_turtle_controler.cpp:11:38:[m[K [01;36m[Knote: [m[Kto match this â€˜[01m[K{[m[Kâ€™
[4.625s]    11 | class GotoNode : public rclcpp::Node [01;36m[K{[m[K
[4.625s]       |                                      [01;36m[K^[m[K
[4.627s] [01m[K/root/ros2_ws/src/endicott/src/endicott_turtle_controler.cpp:[m[K In function â€˜[01m[Kvoid set_target(double, double)[m[Kâ€™:
[4.627s] [01m[K/root/ros2_ws/src/endicott/src/endicott_turtle_controler.cpp:23:5:[m[K [01;31m[Kerror: [m[Kâ€˜[01m[Ktarget_x_[m[Kâ€™ was not declared in this scope
[4.627s]    23 |     [01;31m[Ktarget_x_[m[K = x;
[4.627s]       |     [01;31m[K^~~~~~~~~[m[K
[4.629s] [01m[K/root/ros2_ws/src/endicott/src/endicott_turtle_controler.cpp:24:5:[m[K [01;31m[Kerror: [m[Kâ€˜[01m[Ktarget_y_[m[Kâ€™ was not declared in this scope
[4.629s]    24 |     [01;31m[Ktarget_y_[m[K = y;
[4.629s]       |     [01;31m[K^~~~~~~~~[m[K
[4.632s] [01m[K/root/ros2_ws/src/endicott/src/endicott_turtle_controler.cpp:25:5:[m[K [01;31m[Kerror: [m[Kâ€˜[01m[Kmove_to_target[m[Kâ€™ was not declared in this scope; did you mean â€˜[01m[Kset_target[m[Kâ€™?
[4.632s]    25 |     [01;31m[Kmove_to_target[m[K();
[4.632s]       |     [01;31m[K^~~~~~~~~~~~~~[m[K
[4.632s]       |     [32m[Kset_target[m[K
[4.632s] [01m[K/root/ros2_ws/src/endicott/src/endicott_turtle_controler.cpp:[m[K At global scope:
[4.632s] [01m[K/root/ros2_ws/src/endicott/src/endicott_turtle_controler.cpp:28:1:[m[K [01;31m[Kerror: [m[Kexpected unqualified-id before â€˜[01m[Kprivate[m[Kâ€™
[4.632s]    28 | [01;31m[Kprivate[m[K:
[4.632s]       | [01;31m[K^~~~~~~[m[K
[4.634s] [01m[K/root/ros2_ws/src/endicott/src/endicott_turtle_controler.cpp:[m[K In function â€˜[01m[Kvoid move_to_target()[m[Kâ€™:
[4.634s] [01m[K/root/ros2_ws/src/endicott/src/endicott_turtle_controler.cpp:39:10:[m[K [01;31m[Kerror: [m[Kâ€˜[01m[Kmoving_[m[Kâ€™ was not declared in this scope
[4.634s]    39 |     if (![01;31m[Kmoving_[m[K) {
[4.634s]       |          [01;31m[K^~~~~~~[m[K
[4.636s] [01m[K/root/ros2_ws/src/endicott/src/endicott_turtle_controler.cpp:42:52:[m[K [01;31m[Kerror: [m[Kâ€˜[01m[Ktarget_x_[m[Kâ€™ was not declared in this scope
[4.636s]    42 |     double distance_to_target = std::sqrt(std::pow([01;31m[Ktarget_x_[m[K - current_x_, 2) + std::pow(target_y_ - current_y_, 2));
[4.636s]       |                                                    [01;31m[K^~~~~~~~~[m[K
[4.637s] [01m[K/root/ros2_ws/src/endicott/src/endicott_turtle_controler.cpp:42:64:[m[K [01;31m[Kerror: [m[Kâ€˜[01m[Kcurrent_x_[m[Kâ€™ was not declared in this scope
[4.637s]    42 |     double distance_to_target = std::sqrt(std::pow(target_x_ - [01;31m[Kcurrent_x_[m[K, 2) + std::pow(target_y_ - current_y_, 2));
[4.637s]       |                                                                [01;31m[K^~~~~~~~~~[m[K
[4.640s] [01m[K/root/ros2_ws/src/endicott/src/endicott_turtle_controler.cpp:42:90:[m[K [01;31m[Kerror: [m[Kâ€˜[01m[Ktarget_y_[m[Kâ€™ was not declared in this scope
[4.640s]    42 |     double distance_to_target = std::sqrt(std::pow(target_x_ - current_x_, 2) + std::pow([01;31m[Ktarget_y_[m[K - current_y_, 2));
[4.640s]       |                                                                                          [01;31m[K^~~~~~~~~[m[K
[4.642s] [01m[K/root/ros2_ws/src/endicott/src/endicott_turtle_controler.cpp:42:102:[m[K [01;31m[Kerror: [m[Kâ€˜[01m[Kcurrent_y_[m[Kâ€™ was not declared in this scope
[4.642s]    42 |     double distance_to_target = std::sqrt(std::pow(target_x_ - current_x_, 2) + std::pow(target_y_ - [01;31m[Kcurrent_y_[m[K, 2));
[4.642s]       |                                                                                                      [01;31m[K^~~~~~~~~~[m[K
[4.643s] [01m[K/root/ros2_ws/src/endicott/src/endicott_turtle_controler.cpp:43:30:[m[K [01;31m[Kerror: [m[Kâ€˜[01m[Ktolerance_[m[Kâ€™ was not declared in this scope
[4.643s]    43 |     if (distance_to_target > [01;31m[Ktolerance_[m[K) {
[4.643s]       |                              [01;31m[K^~~~~~~~~~[m[K
[4.645s] [01m[K/root/ros2_ws/src/endicott/src/endicott_turtle_controler.cpp:45:48:[m[K [01;31m[Kerror: [m[Kâ€˜[01m[Kcurrent_theta_[m[Kâ€™ was not declared in this scope
[4.645s]    45 |       double angular_error = angle_to_target - [01;31m[Kcurrent_theta_[m[K;
[4.645s]       |                                                [01;31m[K^~~~~~~~~~~~~~[m[K
[4.648s] [01m[K/root/ros2_ws/src/endicott/src/endicott_turtle_controler.cpp:47:11:[m[K [01;31m[Kerror: [m[Kâ€˜[01m[Krotate_turtle[m[Kâ€™ was not declared in this scope
[4.648s]    47 |           [01;31m[Krotate_turtle[m[K(angular_error);
[4.648s]       |           [01;31m[K^~~~~~~~~~~~~[m[K
[4.650s] [01m[K/root/ros2_ws/src/endicott/src/endicott_turtle_controler.cpp:49:11:[m[K [01;31m[Kerror: [m[Kâ€˜[01m[Kmove_forward[m[Kâ€™ was not declared in this scope
[4.650s]    49 |           [01;31m[Kmove_forward[m[K(distance_to_target);
[4.650s]       |           [01;31m[K^~~~~~~~~~~~[m[K
[4.652s] [01m[K/root/ros2_ws/src/endicott/src/endicott_turtle_controler.cpp:52:7:[m[K [01;31m[Kerror: [m[Kâ€˜[01m[Kstop_turtle[m[Kâ€™ was not declared in this scope
[4.652s]    52 |       [01;31m[Kstop_turtle[m[K();
[4.652s]       |       [01;31m[K^~~~~~~~~~~[m[K
[4.654s] [01m[K/root/ros2_ws/src/endicott/src/endicott_turtle_controler.cpp:53:7:[m[K [01;31m[Kerror: [m[Kâ€˜[01m[Kmoving_[m[Kâ€™ was not declared in this scope
[4.654s]    53 |       [01;31m[Kmoving_[m[K = false;
[4.654s]       |       [01;31m[K^~~~~~~[m[K
[4.654s] [01m[K/root/ros2_ws/src/endicott/src/endicott_turtle_controler.cpp:54:19:[m[K [01;31m[Kerror: [m[Kinvalid use of â€˜[01m[Kthis[m[Kâ€™ in non-member function
[4.654s]    54 |       RCLCPP_INFO([01;31m[Kthis[m[K->get_logger(), "Reached target: x=%.2f, y=%.2f", target_x_, target_y_);
[4.654s]       |                   [01;31m[K^~~~[m[K
[4.657s] [01m[K/root/ros2_ws/src/endicott/src/endicott_turtle_controler.cpp:54:7:[m[K [01;31m[Kerror: [m[Kâ€˜[01m[KRCLCPP_INFO[m[Kâ€™ was not declared in this scope
[4.657s]    54 |       [01;31m[KRCLCPP_INFO[m[K(this->get_logger(), "Reached target: x=%.2f, y=%.2f", target_x_, target_y_);
[4.658s]       |       [01;31m[K^~~~~~~~~~~[m[K
[4.658s] [01m[K/root/ros2_ws/src/endicott/src/endicott_turtle_controler.cpp:[m[K In function â€˜[01m[Kvoid rotate_turtle(double)[m[Kâ€™:
[4.658s] [01m[K/root/ros2_ws/src/endicott/src/endicott_turtle_controler.cpp:59:9:[m[K [01;31m[Kerror: [m[Kâ€˜[01m[Kgeometry_msgs[m[Kâ€™ has not been declared
[4.658s]    59 |         [01;31m[Kgeometry_msgs[m[K::msg::Twist twist_msg;
[4.658s]       |         [01;31m[K^~~~~~~~~~~~~[m[K
[4.660s] [01m[K/root/ros2_ws/src/endicott/src/endicott_turtle_controler.cpp:60:9:[m[K [01;31m[Kerror: [m[Kâ€˜[01m[Ktwist_msg[m[Kâ€™ was not declared in this scope
[4.660s]    60 |         [01;31m[Ktwist_msg[m[K.angular.z = angular_error;
[4.660s]       |         [01;31m[K^~~~~~~~~[m[K
[4.663s] [01m[K/root/ros2_ws/src/endicott/src/endicott_turtle_controler.cpp:61:9:[m[K [01;31m[Kerror: [m[Kâ€˜[01m[Kvelocity_publisher_[m[Kâ€™ was not declared in this scope
[4.663s]    61 |         [01;31m[Kvelocity_publisher_[m[K->publish(twist_msg);
[4.663s]       |         [01;31m[K^~~~~~~~~~~~~~~~~~~[m[K
[4.663s] [01m[K/root/ros2_ws/src/endicott/src/endicott_turtle_controler.cpp:[m[K In function â€˜[01m[Kvoid move_forward(double)[m[Kâ€™:
[4.663s] [01m[K/root/ros2_ws/src/endicott/src/endicott_turtle_controler.cpp:65:5:[m[K [01;31m[Kerror: [m[Kâ€˜[01m[Kgeometry_msgs[m[Kâ€™ has not been declared
[4.663s]    65 |     [01;31m[Kgeometry_msgs[m[K::msg::Twist twist_msg;
[4.663s]       |     [01;31m[K^~~~~~~~~~~~~[m[K
[4.666s] [01m[K/root/ros2_ws/src/endicott/src/endicott_turtle_controler.cpp:66:5:[m[K [01;31m[Kerror: [m[Kâ€˜[01m[Ktwist_msg[m[Kâ€™ was not declared in this scope
[4.667s]    66 |     [01;31m[Ktwist_msg[m[K.linear.x = distance;
[4.667s]       |     [01;31m[K^~~~~~~~~[m[K
[4.669s] [01m[K/root/ros2_ws/src/endicott/src/endicott_turtle_controler.cpp:67:5:[m[K [01;31m[Kerror: [m[Kâ€˜[01m[Kvelocity_publisher_[m[Kâ€™ was not declared in this scope
[4.669s]    67 |     [01;31m[Kvelocity_publisher_[m[K->publish(twist_msg);
[4.669s]       |     [01;31m[K^~~~~~~~~~~~~~~~~~~[m[K
[4.669s] [01m[K/root/ros2_ws/src/endicott/src/endicott_turtle_controler.cpp:[m[K In function â€˜[01m[Kvoid stop_turtle()[m[Kâ€™:
[4.669s] [01m[K/root/ros2_ws/src/endicott/src/endicott_turtle_controler.cpp:72:5:[m[K [01;31m[Kerror: [m[Kâ€˜[01m[Kgeometry_msgs[m[Kâ€™ has not been declared
[4.670s]    72 |     [01;31m[Kgeometry_msgs[m[K::msg::Twist twist_msg;
[4.670s]       |     [01;31m[K^~~~~~~~~~~~~[m[K
[4.671s] [01m[K/root/ros2_ws/src/endicott/src/endicott_turtle_controler.cpp:73:5:[m[K [01;31m[Kerror: [m[Kâ€˜[01m[Kvelocity_publisher_[m[Kâ€™ was not declared in this scope
[4.672s]    73 |     [01;31m[Kvelocity_publisher_[m[K->publish(twist_msg);
[4.672s]       |     [01;31m[K^~~~~~~~~~~~~~~~~~~[m[K
[4.673s] [01m[K/root/ros2_ws/src/endicott/src/endicott_turtle_controler.cpp:73:34:[m[K [01;31m[Kerror: [m[Kâ€˜[01m[Ktwist_msg[m[Kâ€™ was not declared in this scope
[4.673s]    73 |     velocity_publisher_->publish([01;31m[Ktwist_msg[m[K);
[4.673s]       |                                  [01;31m[K^~~~~~~~~[m[K
[4.674s] [01m[K/root/ros2_ws/src/endicott/src/endicott_turtle_controler.cpp:[m[K At global scope:
[4.674s] [01m[K/root/ros2_ws/src/endicott/src/endicott_turtle_controler.cpp:76:3:[m[K [01;31m[Kerror: [m[Kâ€˜[01m[Krclcpp[m[Kâ€™ does not name a type
[4.674s]    76 |   [01;31m[Krclcpp[m[K::Publisher<geometry_msgs::msg::Twist>::SharedPtr velocity_publisher_;
[4.674s]       |   [01;31m[K^~~~~~[m[K
[4.675s] [01m[K/root/ros2_ws/src/endicott/src/endicott_turtle_controler.cpp:77:3:[m[K [01;31m[Kerror: [m[Kâ€˜[01m[Krclcpp[m[Kâ€™ does not name a type
[4.675s]    77 |   [01;31m[Krclcpp[m[K::Subscription<turtlesim::msg::Pose>::SharedPtr pose_subscription_;
[4.675s]       |   [01;31m[K^~~~~~[m[K
[4.675s] [01m[K/root/ros2_ws/src/endicott/src/endicott_turtle_controler.cpp:85:1:[m[K [01;31m[Kerror: [m[Kexpected declaration before â€˜[01m[K}[m[Kâ€™ token
[4.675s]    85 | [01;31m[K}[m[K;
[4.675s]       | [01;31m[K^[m[K
[4.675s] [01m[K/root/ros2_ws/src/endicott/src/endicott_turtle_controler.cpp:[m[K In function â€˜[01m[Kint main(int, char**)[m[Kâ€™:
[4.675s] [01m[K/root/ros2_ws/src/endicott/src/endicott_turtle_controler.cpp:88:3:[m[K [01;31m[Kerror: [m[Kâ€˜[01m[Krclcpp[m[Kâ€™ has not been declared
[4.675s]    88 |   [01;31m[Krclcpp[m[K::init(argc, argv);
[4.675s]       |   [01;31m[K^~~~~~[m[K
[4.676s] [01m[K/root/ros2_ws/src/endicott/src/endicott_turtle_controler.cpp:93:10:[m[K [01;31m[Kerror: [m[Kâ€˜[01m[Kcout[m[Kâ€™ is not a member of â€˜[01m[Kstd[m[Kâ€™
[4.676s]    93 |     std::[01;31m[Kcout[m[K << "Enter target x coordinate (or 'q' to quit): ";
[4.676s]       |          [01;31m[K^~~~[m[K
[4.677s] [01m[K/root/ros2_ws/src/endicott/src/endicott_turtle_controler.cpp:10:1:[m[K [01;36m[Knote: [m[Kâ€˜[01m[Kstd::cout[m[Kâ€™ is defined in header â€˜[01m[K<iostream>[m[Kâ€™; did you forget to â€˜[01m[K#include <iostream>[m[Kâ€™?
[4.677s]     9 | #include <stdexcept>
[4.677s]   +++ |+[32m[K#include <iostream>[m[K
[4.677s]    10 | 
[4.677s] [01m[K/root/ros2_ws/src/endicott/src/endicott_turtle_controler.cpp:94:16:[m[K [01;31m[Kerror: [m[Kâ€˜[01m[Kcin[m[Kâ€™ is not a member of â€˜[01m[Kstd[m[Kâ€™
[4.678s]    94 |     if (!(std::[01;31m[Kcin[m[K >> target_x)) {
[4.678s]       |                [01;31m[K^~~[m[K
[4.678s] [01m[K/root/ros2_ws/src/endicott/src/endicott_turtle_controler.cpp:94:16:[m[K [01;36m[Knote: [m[Kâ€˜[01m[Kstd::cin[m[Kâ€™ is defined in header â€˜[01m[K<iostream>[m[Kâ€™; did you forget to â€˜[01m[K#include <iostream>[m[Kâ€™?
[4.678s] [01m[K/root/ros2_ws/src/endicott/src/endicott_turtle_controler.cpp:97:10:[m[K [01;31m[Kerror: [m[Kâ€˜[01m[Kcout[m[Kâ€™ is not a member of â€˜[01m[Kstd[m[Kâ€™
[4.678s]    97 |     std::[01;31m[Kcout[m[K << "Enter target y coordinate: ";
[4.678s]       |          [01;31m[K^~~~[m[K
[4.678s] [01m[K/root/ros2_ws/src/endicott/src/endicott_turtle_controler.cpp:97:10:[m[K [01;36m[Knote: [m[Kâ€˜[01m[Kstd::cout[m[Kâ€™ is defined in header â€˜[01m[K<iostream>[m[Kâ€™; did you forget to â€˜[01m[K#include <iostream>[m[Kâ€™?
[4.678s] [01m[K/root/ros2_ws/src/endicott/src/endicott_turtle_controler.cpp:98:17:[m[K [01;31m[Kerror: [m[Kâ€˜[01m[Kcin[m[Kâ€™ is not a member of â€˜[01m[Kstd[m[Kâ€™
[4.678s]    98 |      if (!(std::[01;31m[Kcin[m[K >> target_y)) {
[4.678s]       |                 [01;31m[K^~~[m[K
[4.678s] [01m[K/root/ros2_ws/src/endicott/src/endicott_turtle_controler.cpp:98:17:[m[K [01;36m[Knote: [m[Kâ€˜[01m[Kstd::cin[m[Kâ€™ is defined in header â€˜[01m[K<iostream>[m[Kâ€™; did you forget to â€˜[01m[K#include <iostream>[m[Kâ€™?
[4.678s] [01m[K/root/ros2_ws/src/endicott/src/endicott_turtle_controler.cpp:101:14:[m[K [01;31m[Kerror: [m[Kinvalid use of incomplete type â€˜[01m[Kusing element_type = class GotoNode[m[Kâ€™ {aka â€˜[01m[Kclass GotoNode[m[Kâ€™}
[4.678s]   101 |     goto_node[01;31m[K->[m[Kset_target(target_x, target_y);
[4.678s]       |              [01;31m[K^~[m[K
[4.679s] [01m[K/root/ros2_ws/src/endicott/src/endicott_turtle_controler.cpp:11:7:[m[K [01;36m[Knote: [m[Kforward declaration of â€˜[01m[Kusing element_type = class GotoNode[m[Kâ€™ {aka â€˜[01m[Kclass GotoNode[m[Kâ€™}
[4.679s]    11 | class [01;36m[KGotoNode[m[K : public rclcpp::Node {
[4.679s]       |       [01;36m[K^~~~~~~~[m[K
[4.679s] [01m[K/root/ros2_ws/src/endicott/src/endicott_turtle_controler.cpp:102:20:[m[K [01;31m[Kerror: [m[Kinvalid use of incomplete type â€˜[01m[Kusing element_type = class GotoNode[m[Kâ€™ {aka â€˜[01m[Kclass GotoNode[m[Kâ€™}
[4.679s]   102 |     while(goto_node[01;31m[K->[m[Kmoving_){
[4.679s]       |                    [01;31m[K^~[m[K
[4.679s] [01m[K/root/ros2_ws/src/endicott/src/endicott_turtle_controler.cpp:11:7:[m[K [01;36m[Knote: [m[Kforward declaration of â€˜[01m[Kusing element_type = class GotoNode[m[Kâ€™ {aka â€˜[01m[Kclass GotoNode[m[Kâ€™}
[4.679s]    11 | class [01;36m[KGotoNode[m[K : public rclcpp::Node {
[4.679s]       |       [01;36m[K^~~~~~~~[m[K
[4.679s] [01m[K/root/ros2_ws/src/endicott/src/endicott_turtle_controler.cpp:103:9:[m[K [01;31m[Kerror: [m[Kâ€˜[01m[Krclcpp[m[Kâ€™ has not been declared
[4.679s]   103 |         [01;31m[Krclcpp[m[K::spin_some(goto_node);
[4.680s]       |         [01;31m[K^~~~~~[m[K
[4.680s] [01m[K/root/ros2_ws/src/endicott/src/endicott_turtle_controler.cpp:106:3:[m[K [01;31m[Kerror: [m[Kâ€˜[01m[Krclcpp[m[Kâ€™ has not been declared
[4.680s]   106 |   [01;31m[Krclcpp[m[K::shutdown();
[4.680s]       |   [01;31m[K^~~~~~[m[K
[4.725s] In file included from [01m[K/usr/include/c++/11/bits/shared_ptr_base.h:60[m[K,
[4.726s]                  from [01m[K/usr/include/c++/11/bits/shared_ptr.h:53[m[K,
[4.726s]                  from [01m[K/usr/include/c++/11/memory:77[m[K,
[4.726s]                  from [01m[K/root/ros2_ws/src/endicott/src/endicott_turtle_controler.cpp:8[m[K:
[4.726s] /usr/include/c++/11/ext/aligned_buffer.h: In instantiation of â€˜[01m[Kstruct __gnu_cxx::__aligned_buffer<GotoNode>[m[Kâ€™:
[4.726s] [01m[K/usr/include/c++/11/bits/shared_ptr_base.h:506:35:[m[K   required from â€˜[01m[Kclass std::_Sp_counted_ptr_inplace<GotoNode, std::allocator<GotoNode>, __gnu_cxx::_S_atomic>::_Impl[m[Kâ€™
[4.726s] [01m[K/usr/include/c++/11/bits/shared_ptr_base.h:567:13:[m[K   required from â€˜[01m[Kclass std::_Sp_counted_ptr_inplace<GotoNode, std::allocator<GotoNode>, __gnu_cxx::_S_atomic>[m[Kâ€™
[4.726s] [01m[K/usr/include/c++/11/bits/shared_ptr_base.h:647:43:[m[K   required from â€˜[01m[Kstd::__shared_count<_Lp>::__shared_count(_Tp*&, std::_Sp_alloc_shared_tag<_Alloc>, _Args&& ...) [with _Tp = GotoNode; _Alloc = std::allocator<GotoNode>; _Args = {}; __gnu_cxx::_Lock_policy _Lp = __gnu_cxx::_S_atomic][m[Kâ€™
[4.726s] [01m[K/usr/include/c++/11/bits/shared_ptr_base.h:1342:14:[m[K   required from â€˜[01m[Kstd::__shared_ptr<_Tp, _Lp>::__shared_ptr(std::_Sp_alloc_shared_tag<_Tp>, _Args&& ...) [with _Alloc = std::allocator<GotoNode>; _Args = {}; _Tp = GotoNode; __gnu_cxx::_Lock_policy _Lp = __gnu_cxx::_S_atomic][m[Kâ€™
[4.726s] [01m[K/usr/include/c++/11/bits/shared_ptr.h:409:59:[m[K   required from â€˜[01m[Kstd::shared_ptr<_Tp>::shared_ptr(std::_Sp_alloc_shared_tag<_Tp>, _Args&& ...) [with _Alloc = std::allocator<GotoNode>; _Args = {}; _Tp = GotoNode][m[Kâ€™
[4.726s] [01m[K/usr/include/c++/11/bits/shared_ptr.h:862:14:[m[K   required from â€˜[01m[Kstd::shared_ptr<_Tp> std::allocate_shared(const _Alloc&, _Args&& ...) [with _Tp = GotoNode; _Alloc = std::allocator<GotoNode>; _Args = {}][m[Kâ€™
[4.726s] [01m[K/usr/include/c++/11/bits/shared_ptr.h:878:39:[m[K   required from â€˜[01m[Kstd::shared_ptr<_Tp> std::make_shared(_Args&& ...) [with _Tp = GotoNode; _Args = {}][m[Kâ€™
[4.726s] [01m[K/root/ros2_ws/src/endicott/src/endicott_turtle_controler.cpp:89:46:[m[K   required from here
[4.726s] [01m[K/usr/include/c++/11/ext/aligned_buffer.h:91:28:[m[K [01;31m[Kerror: [m[Kinvalid application of â€˜[01m[Ksizeof[m[Kâ€™ to incomplete type â€˜[01m[KGotoNode[m[Kâ€™
[4.726s]    91 |     : std::aligned_storage<[01;31m[Ksizeof(_Tp)[m[K, __alignof__(_Tp)>
[4.726s]       |                            [01;31m[K^~~~~~~~~~~[m[K
[4.726s] [01m[K/usr/include/c++/11/ext/aligned_buffer.h:91:28:[m[K [01;31m[Kerror: [m[Kinvalid application of â€˜[01m[Ksizeof[m[Kâ€™ to incomplete type â€˜[01m[KGotoNode[m[Kâ€™
[4.736s] gmake[2]: *** [CMakeFiles/endicott_turtle_controler.dir/build.make:76: CMakeFiles/endicott_turtle_controler.dir/src/endicott_turtle_controler.cpp.o] Error 1
[4.736s] gmake[1]: *** [CMakeFiles/Makefile2:137: CMakeFiles/endicott_turtle_controler.dir/all] Error 2
[4.736s] gmake: *** [Makefile:146: all] Error 2
[4.740s] Invoked command in '/root/ros2_ws/build/endicott' returned '2': CMAKE_PREFIX_PATH=${CMAKE_PREFIX_PATH}:/opt/ros/humble /usr/bin/cmake --build /root/ros2_ws/build/endicott -- -j8 -l8
