[0.197s] Invoking command in '/root/ros2_ws/build/project_03': CMAKE_PREFIX_PATH=/root/ros2_ws/install/endicott_interfaces:/root/ros2_ws/install/turtlesim:/root/ros2_ws/install/turtlebot3:/root/ros2_ws/install/turtlebot3_simulations:/root/ros2_ws/install/turtlebot3_bringup:/root/ros2_ws/install/turtlebot3_node:/root/ros2_ws/install/turtlebot3_navigation2:/root/ros2_ws/install/turtlebot3_fake_node:/root/ros2_ws/install/turtlebot3_msgs:/root/ros2_ws/install/turtlebot3_gazebo:/root/ros2_ws/install/turtlebot3_description:/root/ros2_ws/install/turtlebot3_cartographer:/root/ros2_ws/install/goto_node:/root/ros2_ws/install/dynamixel_sdk_examples:/root/ros2_ws/install/dynamixel_sdk_custom_interfaces:/root/ros2_ws/install/dynamixel_sdk:/root/ros2_ws/install/turtlebot3_teleop:/root/ros2_ws/install/turtlebot3_example:/opt/ros/humble LD_LIBRARY_PATH=/root/ros2_ws/install/endicott_interfaces/lib:/root/ros2_ws/install/turtlesim/lib:/root/ros2_ws/install/turtlebot3_msgs/lib:/root/ros2_ws/install/dynamixel_sdk_custom_interfaces/lib:/root/ros2_ws/install/dynamixel_sdk/lib:/usr/lib/x86_64-linux-gnu/gazebo-11/plugins:/opt/ros/humble/opt/rviz_ogre_vendor/lib:/opt/ros/humble/lib/x86_64-linux-gnu:/opt/ros/humble/lib /usr/bin/cmake /root/ros2_ws/src/project_03 -DCMAKE_INSTALL_PREFIX=/root/ros2_ws/install/project_03
[0.426s] -- The C compiler identification is GNU 11.4.0
[1.242s] -- The CXX compiler identification is GNU 11.4.0
[1.865s] -- Detecting C compiler ABI info
[2.485s] -- Detecting C compiler ABI info - done
[2.555s] -- Check for working C compiler: /usr/bin/cc - skipped
[2.555s] -- Detecting C compile features
[2.557s] -- Detecting C compile features - done
[2.572s] -- Detecting CXX compiler ABI info
[3.367s] -- Detecting CXX compiler ABI info - done
[3.443s] -- Check for working CXX compiler: /usr/bin/c++ - skipped
[3.446s] -- Detecting CXX compile features
[3.449s] -- Detecting CXX compile features - done
[3.477s] -- Found ament_cmake: 1.3.11 (/opt/ros/humble/share/ament_cmake/cmake)
[4.424s] -- Found Python3: /usr/bin/python3 (found version "3.10.12") found components: Interpreter 
[4.974s] -- Found rosidl_default_generators: 1.2.0 (/opt/ros/humble/share/rosidl_default_generators/cmake)
[5.024s] -- Using all available rosidl_typesupport_c: rosidl_typesupport_fastrtps_c;rosidl_typesupport_introspection_c
[5.099s] -- Found rosidl_adapter: 3.1.6 (/opt/ros/humble/share/rosidl_adapter/cmake)
[5.671s] -- Using all available rosidl_typesupport_cpp: rosidl_typesupport_fastrtps_cpp;rosidl_typesupport_introspection_cpp
[5.863s] -- Found ament_index_cpp: 1.4.0 (/opt/ros/humble/share/ament_index_cpp/cmake)
[5.874s] -- Found geometry_msgs: 4.2.4 (/opt/ros/humble/share/geometry_msgs/cmake)
[6.135s] -- Found rclcpp: 16.0.11 (/opt/ros/humble/share/rclcpp/cmake)
[6.400s] -- Found rmw_implementation_cmake: 6.1.2 (/opt/ros/humble/share/rmw_implementation_cmake/cmake)
[6.409s] -- Found rmw_fastrtps_cpp: 6.2.7 (/opt/ros/humble/share/rmw_fastrtps_cpp/cmake)
[9.175s] -- Found OpenSSL: /usr/lib/x86_64-linux-gnu/libcrypto.so (found version "3.0.2")  
[11.542s] -- Found FastRTPS: /opt/ros/humble/include  
[16.702s] -- Using RMW implementation 'rmw_fastrtps_cpp' as default
[16.752s] -- Looking for pthread.h
[17.478s] -- Looking for pthread.h - found
[17.479s] -- Performing Test CMAKE_HAVE_LIBC_PTHREAD
[18.055s] -- Performing Test CMAKE_HAVE_LIBC_PTHREAD - Success
[18.055s] -- Found Threads: TRUE  
[18.365s] -- Found rclcpp_action: 16.0.11 (/opt/ros/humble/share/rclcpp_action/cmake)
[18.612s] -- Found std_srvs: 4.2.4 (/opt/ros/humble/share/std_srvs/cmake)
[18.663s] -- Found turtlesim: 1.4.2 (/opt/ros/humble/share/turtlesim/cmake)
[18.745s] -- Found endicott_interfaces: 0.0.0 (/root/ros2_ws/install/endicott_interfaces/share/endicott_interfaces/cmake)
[18.840s] -- Found ament_lint_auto: 0.12.11 (/opt/ros/humble/share/ament_lint_auto/cmake)
[19.556s] -- Added test 'cppcheck' to perform static code analysis on C / C++ code
[19.559s] -- Configured cppcheck include dirs: $<BUILD_INTERFACE:/root/ros2_ws/src/project_03/include>
[19.559s] -- Configured cppcheck exclude dirs and/or files: 
[19.567s] -- Added test 'flake8' to check Python code syntax and style conventions
[19.572s] -- Added test 'lint_cmake' to check CMake code style
[19.582s] -- Added test 'pep257' to check Python code against some of the docstring style conventions in PEP 257
[19.600s] -- Added test 'uncrustify' to check C / C++ code style
[19.603s] -- Configured uncrustify additional arguments: 
[19.608s] -- Added test 'xmllint' to check XML markup files
[19.643s] -- Configuring done
[19.791s] -- Generating done
[19.828s] -- Build files have been written to: /root/ros2_ws/build/project_03
[19.866s] Invoked command in '/root/ros2_ws/build/project_03' returned '0': CMAKE_PREFIX_PATH=/root/ros2_ws/install/endicott_interfaces:/root/ros2_ws/install/turtlesim:/root/ros2_ws/install/turtlebot3:/root/ros2_ws/install/turtlebot3_simulations:/root/ros2_ws/install/turtlebot3_bringup:/root/ros2_ws/install/turtlebot3_node:/root/ros2_ws/install/turtlebot3_navigation2:/root/ros2_ws/install/turtlebot3_fake_node:/root/ros2_ws/install/turtlebot3_msgs:/root/ros2_ws/install/turtlebot3_gazebo:/root/ros2_ws/install/turtlebot3_description:/root/ros2_ws/install/turtlebot3_cartographer:/root/ros2_ws/install/goto_node:/root/ros2_ws/install/dynamixel_sdk_examples:/root/ros2_ws/install/dynamixel_sdk_custom_interfaces:/root/ros2_ws/install/dynamixel_sdk:/root/ros2_ws/install/turtlebot3_teleop:/root/ros2_ws/install/turtlebot3_example:/opt/ros/humble LD_LIBRARY_PATH=/root/ros2_ws/install/endicott_interfaces/lib:/root/ros2_ws/install/turtlesim/lib:/root/ros2_ws/install/turtlebot3_msgs/lib:/root/ros2_ws/install/dynamixel_sdk_custom_interfaces/lib:/root/ros2_ws/install/dynamixel_sdk/lib:/usr/lib/x86_64-linux-gnu/gazebo-11/plugins:/opt/ros/humble/opt/rviz_ogre_vendor/lib:/opt/ros/humble/lib/x86_64-linux-gnu:/opt/ros/humble/lib /usr/bin/cmake /root/ros2_ws/src/project_03 -DCMAKE_INSTALL_PREFIX=/root/ros2_ws/install/project_03
[19.867s] Invoking command in '/root/ros2_ws/build/project_03': CMAKE_PREFIX_PATH=/root/ros2_ws/install/endicott_interfaces:/root/ros2_ws/install/turtlesim:/root/ros2_ws/install/turtlebot3:/root/ros2_ws/install/turtlebot3_simulations:/root/ros2_ws/install/turtlebot3_bringup:/root/ros2_ws/install/turtlebot3_node:/root/ros2_ws/install/turtlebot3_navigation2:/root/ros2_ws/install/turtlebot3_fake_node:/root/ros2_ws/install/turtlebot3_msgs:/root/ros2_ws/install/turtlebot3_gazebo:/root/ros2_ws/install/turtlebot3_description:/root/ros2_ws/install/turtlebot3_cartographer:/root/ros2_ws/install/goto_node:/root/ros2_ws/install/dynamixel_sdk_examples:/root/ros2_ws/install/dynamixel_sdk_custom_interfaces:/root/ros2_ws/install/dynamixel_sdk:/root/ros2_ws/install/turtlebot3_teleop:/root/ros2_ws/install/turtlebot3_example:/opt/ros/humble LD_LIBRARY_PATH=/root/ros2_ws/install/endicott_interfaces/lib:/root/ros2_ws/install/turtlesim/lib:/root/ros2_ws/install/turtlebot3_msgs/lib:/root/ros2_ws/install/dynamixel_sdk_custom_interfaces/lib:/root/ros2_ws/install/dynamixel_sdk/lib:/usr/lib/x86_64-linux-gnu/gazebo-11/plugins:/opt/ros/humble/opt/rviz_ogre_vendor/lib:/opt/ros/humble/lib/x86_64-linux-gnu:/opt/ros/humble/lib /usr/bin/cmake --build /root/ros2_ws/build/project_03 -- -j8 -l8
[20.227s] [ 25%] [32mBuilding CXX object CMakeFiles/target_sequence_node.dir/src/target_sequence_node.cpp.o[0m
[20.228s] [ 50%] [32mBuilding CXX object CMakeFiles/goto_target_node.dir/src/goto_target_node.cpp.o[0m
[21.620s] [01m[K/root/ros2_ws/src/project_03/src/goto_target_node.cpp:6:10:[m[K [01;31m[Kfatal error: [m[K~/ros2_ws/src/endicott_interfaces/install/endicott_interfaces/include/endicott_interfaces/endicott_interfaces/msg/move_status.hpp: No such file or directory
[21.620s]     6 | #include [01;31m[K"~/ros2_ws/src/endicott_interfaces/install/endicott_interfaces/include/endicott_interfaces/endicott_interfaces/msg/move_status.hpp"[m[K
[21.621s]       |          [01;31m[K^~~~~~~~~~~~~~~~~~~~~~~~~~~~~~~~~~~~~~~~~~~~~~~~~~~~~~~~~~~~~~~~~~~~~~~~~~~~~~~~~~~~~~~~~~~~~~~~~~~~~~~~~~~~~~~~~~~~~~~~~~~~~~~~~~~[m[K
[21.621s] compilation terminated.
[21.626s] gmake[2]: *** [CMakeFiles/goto_target_node.dir/build.make:76: CMakeFiles/goto_target_node.dir/src/goto_target_node.cpp.o] Error 1
[21.627s] gmake[1]: *** [CMakeFiles/Makefile2:139: CMakeFiles/goto_target_node.dir/all] Error 2
[21.627s] gmake[1]: *** Waiting for unfinished jobs....
[45.812s] [ 75%] [32m[1mLinking CXX executable target_sequence_node[0m
[47.361s] [ 75%] Built target target_sequence_node
[47.365s] gmake: *** [Makefile:146: all] Error 2
[47.381s] Invoked command in '/root/ros2_ws/build/project_03' returned '2': CMAKE_PREFIX_PATH=/root/ros2_ws/install/endicott_interfaces:/root/ros2_ws/install/turtlesim:/root/ros2_ws/install/turtlebot3:/root/ros2_ws/install/turtlebot3_simulations:/root/ros2_ws/install/turtlebot3_bringup:/root/ros2_ws/install/turtlebot3_node:/root/ros2_ws/install/turtlebot3_navigation2:/root/ros2_ws/install/turtlebot3_fake_node:/root/ros2_ws/install/turtlebot3_msgs:/root/ros2_ws/install/turtlebot3_gazebo:/root/ros2_ws/install/turtlebot3_description:/root/ros2_ws/install/turtlebot3_cartographer:/root/ros2_ws/install/goto_node:/root/ros2_ws/install/dynamixel_sdk_examples:/root/ros2_ws/install/dynamixel_sdk_custom_interfaces:/root/ros2_ws/install/dynamixel_sdk:/root/ros2_ws/install/turtlebot3_teleop:/root/ros2_ws/install/turtlebot3_example:/opt/ros/humble LD_LIBRARY_PATH=/root/ros2_ws/install/endicott_interfaces/lib:/root/ros2_ws/install/turtlesim/lib:/root/ros2_ws/install/turtlebot3_msgs/lib:/root/ros2_ws/install/dynamixel_sdk_custom_interfaces/lib:/root/ros2_ws/install/dynamixel_sdk/lib:/usr/lib/x86_64-linux-gnu/gazebo-11/plugins:/opt/ros/humble/opt/rviz_ogre_vendor/lib:/opt/ros/humble/lib/x86_64-linux-gnu:/opt/ros/humble/lib /usr/bin/cmake --build /root/ros2_ws/build/project_03 -- -j8 -l8
