[0.022s] Invoking command in '/root/ros2_ws/build/endicott': CMAKE_PREFIX_PATH=${CMAKE_PREFIX_PATH}:/opt/ros/humble /usr/bin/cmake --build /root/ros2_ws/build/endicott -- -j8 -l8
[0.067s] [35m[1mConsolidate compiler generated dependencies of target endicott_turtle_controler[0m
[0.090s] [ 50%] [32mBuilding CXX object CMakeFiles/endicott_turtle_controler.dir/src/endicott_turtle_controler.cpp.o[0m
[2.515s] [01m[K/root/ros2_ws/src/endicott/src/endicott_turtle_controler.cpp:[m[K In function â€˜[01m[Kint main(int, char**)[m[Kâ€™:
[2.515s] [01m[K/root/ros2_ws/src/endicott/src/endicott_turtle_controler.cpp:103:22:[m[K [01;31m[Kerror: [m[Kâ€˜[01m[Kbool GotoNode::moving_[m[Kâ€™ is private within this context
[2.515s]   103 |     while(goto_node->[01;31m[Kmoving_[m[K){
[2.515s]       |                      [01;31m[K^~~~~~~[m[K
[2.515s] [01m[K/root/ros2_ws/src/endicott/src/endicott_turtle_controler.cpp:85:8:[m[K [01;36m[Knote: [m[Kdeclared private here
[2.515s]    85 |   bool [01;36m[Kmoving_[m[K = false;
[2.515s]       |        [01;36m[K^~~~~~~[m[K
[4.922s] gmake[2]: *** [CMakeFiles/endicott_turtle_controler.dir/build.make:76: CMakeFiles/endicott_turtle_controler.dir/src/endicott_turtle_controler.cpp.o] Error 1
[4.922s] gmake[1]: *** [CMakeFiles/Makefile2:137: CMakeFiles/endicott_turtle_controler.dir/all] Error 2
[4.922s] gmake: *** [Makefile:146: all] Error 2
[4.926s] Invoked command in '/root/ros2_ws/build/endicott' returned '2': CMAKE_PREFIX_PATH=${CMAKE_PREFIX_PATH}:/opt/ros/humble /usr/bin/cmake --build /root/ros2_ws/build/endicott -- -j8 -l8
