[0.013s] Invoking command in '/root/ros2_ws/src/project_03/build/project_03': CMAKE_PREFIX_PATH=${CMAKE_PREFIX_PATH}:/root/ros2_ws/install/turtlebot3_teleop:/root/ros2_ws/install/turtlebot3_example:/opt/ros/humble /usr/bin/cmake --build /root/ros2_ws/src/project_03/build/project_03 -- -j8 -l8
[0.048s] [35m[1mConsolidate compiler generated dependencies of target goto_target_node[0m
[0.063s] [ 50%] Built target target_sequence_node
[0.067s] [ 75%] [32mBuilding CXX object CMakeFiles/goto_target_node.dir/src/goto_target_node.cpp.o[0m
[2.190s] [01m[K/root/ros2_ws/src/project_03/src/goto_target_node.cpp:[m[K In member function â€˜[01m[Kvoid GotoNode::publish_goto_state(double, double, double, const string&)[m[Kâ€™:
[2.190s] [01m[K/root/ros2_ws/src/project_03/src/goto_target_node.cpp:114:5:[m[K [01;31m[Kerror: [m[Kâ€˜[01m[Kgoto_state_publisher_[m[Kâ€™ was not declared in this scope; did you mean â€˜[01m[Kgoto_status_publisher_[m[Kâ€™?
[2.190s]   114 |     [01;31m[Kgoto_state_publisher_[m[K->publish(goto_status_msg);
[2.190s]       |     [01;31m[K^~~~~~~~~~~~~~~~~~~~~[m[K
[2.190s]       |     [32m[Kgoto_status_publisher_[m[K
[2.191s] [01m[K/root/ros2_ws/src/project_03/src/goto_target_node.cpp:106:51:[m[K [01;35m[Kwarning: [m[Kunused parameter â€˜[01m[Ky_offset[m[Kâ€™ [[01;35m[K]8;;https://gcc.gnu.org/onlinedocs/gcc/Warning-Options.html#index-Wunused-parameter-Wunused-parameter]8;;[m[K]
[2.191s]   106 |   void publish_goto_state(double x_offset, [01;35m[Kdouble y_offset[m[K, double theta_offset, const std::string& state) {
[2.191s]       |                                            [01;35m[K~~~~~~~^~~~~~~~[m[K
[5.334s] gmake[2]: *** [CMakeFiles/goto_target_node.dir/build.make:76: CMakeFiles/goto_target_node.dir/src/goto_target_node.cpp.o] Error 1
[5.335s] gmake[1]: *** [CMakeFiles/Makefile2:139: CMakeFiles/goto_target_node.dir/all] Error 2
[5.335s] gmake: *** [Makefile:146: all] Error 2
[5.337s] Invoked command in '/root/ros2_ws/src/project_03/build/project_03' returned '2': CMAKE_PREFIX_PATH=${CMAKE_PREFIX_PATH}:/root/ros2_ws/install/turtlebot3_teleop:/root/ros2_ws/install/turtlebot3_example:/opt/ros/humble /usr/bin/cmake --build /root/ros2_ws/src/project_03/build/project_03 -- -j8 -l8
