[35m[1mConsolidate compiler generated dependencies of target endicott_turtle_controler[0m
[ 50%] [32mBuilding CXX object CMakeFiles/endicott_turtle_controler.dir/src/endicott_turtle_controler.cpp.o[0m
[01m[K/root/ros2_ws/src/endicott/src/endicott_turtle_controler.cpp:[m[K In member function â€˜[01m[Kbool GotoNode::at_target()[m[Kâ€™:
[01m[K/root/ros2_ws/src/endicott/src/endicott_turtle_controler.cpp:28:3:[m[K [01;31m[Kerror: [m[Kexpected â€˜[01m[K;[m[Kâ€™ before â€˜[01m[K}[m[Kâ€™ token
   28 |   [01;31m[K}[m[K
      |   [01;31m[K^[m[K
[01m[K/root/ros2_ws/src/endicott/src/endicott_turtle_controler.cpp:[m[K In function â€˜[01m[Kint main(int, char**)[m[Kâ€™:
[01m[K/root/ros2_ws/src/endicott/src/endicott_turtle_controler.cpp:103:11:[m[K [01;31m[Kerror: [m[Kâ€˜[01m[Kat_target[m[Kâ€™ was not declared in this scope
  103 |    while(![01;31m[Kat_target[m[K){
      |           [01;31m[K^~~~~~~~~[m[K
gmake[2]: *** [CMakeFiles/endicott_turtle_controler.dir/build.make:76: CMakeFiles/endicott_turtle_controler.dir/src/endicott_turtle_controler.cpp.o] Error 1
gmake[1]: *** [CMakeFiles/Makefile2:137: CMakeFiles/endicott_turtle_controler.dir/all] Error 2
gmake: *** [Makefile:146: all] Error 2
