[0.034s] Invoking command in '/root/ros2_ws/build/endicott': CMAKE_PREFIX_PATH=/opt/ros/humble /usr/bin/cmake --build /root/ros2_ws/build/endicott -- -j8 -l8
[0.159s] [35m[1mConsolidate compiler generated dependencies of target endicott_turtle_controler[0m
[0.193s] [ 50%] [32mBuilding CXX object CMakeFiles/endicott_turtle_controler.dir/src/endicott_turtle_controler.cpp.o[0m
[2.765s] [01m[K/root/ros2_ws/src/endicott/src/endicott_turtle_controler.cpp:[m[K In member function â€˜[01m[Kbool GotoNode::at_target()[m[Kâ€™:
[2.765s] [01m[K/root/ros2_ws/src/endicott/src/endicott_turtle_controler.cpp:28:3:[m[K [01;31m[Kerror: [m[Kexpected â€˜[01m[K;[m[Kâ€™ before â€˜[01m[K}[m[Kâ€™ token
[2.766s]    28 |   [01;31m[K}[m[K
[2.766s]       |   [01;31m[K^[m[K
[2.776s] [01m[K/root/ros2_ws/src/endicott/src/endicott_turtle_controler.cpp:[m[K In function â€˜[01m[Kint main(int, char**)[m[Kâ€™:
[2.776s] [01m[K/root/ros2_ws/src/endicott/src/endicott_turtle_controler.cpp:103:11:[m[K [01;31m[Kerror: [m[Kâ€˜[01m[Kat_target[m[Kâ€™ was not declared in this scope
[2.776s]   103 |    while(![01;31m[Kat_target[m[K){
[2.776s]       |           [01;31m[K^~~~~~~~~[m[K
[5.169s] gmake[2]: *** [CMakeFiles/endicott_turtle_controler.dir/build.make:76: CMakeFiles/endicott_turtle_controler.dir/src/endicott_turtle_controler.cpp.o] Error 1
[5.169s] gmake[1]: *** [CMakeFiles/Makefile2:137: CMakeFiles/endicott_turtle_controler.dir/all] Error 2
[5.169s] gmake: *** [Makefile:146: all] Error 2
[5.173s] Invoked command in '/root/ros2_ws/build/endicott' returned '2': CMAKE_PREFIX_PATH=/opt/ros/humble /usr/bin/cmake --build /root/ros2_ws/build/endicott -- -j8 -l8
