-- Found ament_cmake: 1.3.11 (/opt/ros/humble/share/ament_cmake/cmake)
-- Found ament_index_cpp: 1.4.0 (/opt/ros/humble/share/ament_index_cpp/cmake)
-- Found geometry_msgs: 4.2.4 (/opt/ros/humble/share/geometry_msgs/cmake)
-- Found rosidl_generator_c: 3.1.6 (/opt/ros/humble/share/rosidl_generator_c/cmake)
-- Found rosidl_adapter: 3.1.6 (/opt/ros/humble/share/rosidl_adapter/cmake)
-- Found rosidl_generator_cpp: 3.1.6 (/opt/ros/humble/share/rosidl_generator_cpp/cmake)
-- Using all available rosidl_typesupport_c: rosidl_typesupport_fastrtps_c;rosidl_typesupport_introspection_c
-- Using all available rosidl_typesupport_cpp: rosidl_typesupport_fastrtps_cpp;rosidl_typesupport_introspection_cpp
-- Found rclcpp: 16.0.11 (/opt/ros/humble/share/rclcpp/cmake)
-- Found rmw_implementation_cmake: 6.1.2 (/opt/ros/humble/share/rmw_implementation_cmake/cmake)
-- Found rmw_fastrtps_cpp: 6.2.7 (/opt/ros/humble/share/rmw_fastrtps_cpp/cmake)
-- Found OpenSSL: /usr/lib/x86_64-linux-gnu/libcrypto.so (found version "3.0.2")  
-- Found FastRTPS: /opt/ros/humble/include  
-- Using RMW implementation 'rmw_fastrtps_cpp' as default
-- Looking for pthread.h
-- Looking for pthread.h - found
-- Performing Test CMAKE_HAVE_LIBC_PTHREAD
-- Performing Test CMAKE_HAVE_LIBC_PTHREAD - Success
-- Found Threads: TRUE  
-- Found rclcpp_action: 16.0.11 (/opt/ros/humble/share/rclcpp_action/cmake)
-- Found rosidl_default_generators: 1.2.0 (/opt/ros/humble/share/rosidl_default_generators/cmake)
-- Found std_srvs: 4.2.4 (/opt/ros/humble/share/std_srvs/cmake)
-- Found turtlesim: 1.4.2 (/root/ros2_ws/install/turtlesim/share/turtlesim/cmake)
-- Found ament_lint_auto: 0.12.11 (/opt/ros/humble/share/ament_lint_auto/cmake)
-- Added test 'cppcheck' to perform static code analysis on C / C++ code
-- Configured cppcheck include dirs: $<BUILD_INTERFACE:/root/ros2_ws/src/endicott/include>
-- Configured cppcheck exclude dirs and/or files: 
-- Added test 'lint_cmake' to check CMake code style
-- Added test 'uncrustify' to check C / C++ code style
-- Configured uncrustify additional arguments: 
-- Added test 'xmllint' to check XML markup files
-- Configuring done
-- Generating done
-- Build files have been written to: /root/ros2_ws/build/endicott
[35m[1mConsolidate compiler generated dependencies of target endicott_turtle_controler[0m
[ 50%] [32mBuilding CXX object CMakeFiles/endicott_turtle_controler.dir/src/endicott_turtle_controler.cpp.o[0m
[01m[K/root/ros2_ws/src/endicott/src/endicott_turtle_controler.cpp:8:6:[m[K [01;31m[Kerror: [m[Kâ€˜[01m[Kturtlesim[m[Kâ€™ does not name a type
    8 |      [01;31m[Kturtlesim[m[K::Pose initLocation;
      |      [01;31m[K^~~~~~~~~[m[K
[01m[K/root/ros2_ws/src/endicott/src/endicott_turtle_controler.cpp:9:6:[m[K [01;31m[Kerror: [m[Kâ€˜[01m[Kturtlesim[m[Kâ€™ does not name a type
    9 |      [01;31m[Kturtlesim[m[K::Pose finalLocation;
      |      [01;31m[K^~~~~~~~~[m[K
[01m[K/root/ros2_ws/src/endicott/src/endicott_turtle_controler.cpp:11:6:[m[K [01;31m[Kerror: [m[Kâ€˜[01m[Kros[m[Kâ€™ does not name a type
   11 |      [01;31m[Kros[m[K::Publisher cmd_vel_pub;
      |      [01;31m[K^~~[m[K
[01m[K/root/ros2_ws/src/endicott/src/endicott_turtle_controler.cpp:12:6:[m[K [01;31m[Kerror: [m[Kâ€˜[01m[Kros[m[Kâ€™ does not name a type
   12 |      [01;31m[Kros[m[K::Subscriber pose_sub;
      |      [01;31m[K^~~[m[K
[01m[K/root/ros2_ws/src/endicott/src/endicott_turtle_controler.cpp:13:6:[m[K [01;31m[Kerror: [m[Kâ€˜[01m[Kros[m[Kâ€™ does not name a type
   13 |      [01;31m[Kros[m[K::NodeHandle nh;
      |      [01;31m[K^~~[m[K
[01m[K/root/ros2_ws/src/endicott/src/endicott_turtle_controler.cpp:15:18:[m[K [01;31m[Kerror: [m[Kâ€˜[01m[Kturtlesim[m[Kâ€™ has not been declared
   15 |      PathFinding([01;31m[Kturtlesim[m[K::Pose goal, double d, ros::NodeHandle &n){
      |                  [01;31m[K^~~~~~~~~[m[K
[01m[K/root/ros2_ws/src/endicott/src/endicott_turtle_controler.cpp:15:33:[m[K [01;31m[Kerror: [m[Kexpected â€˜[01m[K)[m[Kâ€™ before â€˜[01m[Kgoal[m[Kâ€™
   15 |      PathFinding[34m[K([m[Kturtlesim::Pose[01;31m[K [m[K[32m[Kgoal[m[K, double d, ros::NodeHandle &n){
      |                 [34m[K~[m[K               [01;31m[K^[m[K[32m[K~~~~[m[K
      |                                 [32m[K)[m[K
[01m[K/root/ros2_ws/src/endicott/src/endicott_turtle_controler.cpp:58:31:[m[K [01;31m[Kerror: [m[Kâ€˜[01m[Kturtlesim[m[Kâ€™ does not name a type
   58 |       void poseCallBack(const [01;31m[Kturtlesim[m[K::Pose &p_msg){
      |                               [01;31m[K^~~~~~~~~[m[K
[01m[K/root/ros2_ws/src/endicott/src/endicott_turtle_controler.cpp:58:47:[m[K [01;31m[Kerror: [m[Kexpected unqualified-id before â€˜[01m[K&[m[Kâ€™ token
   58 |       void poseCallBack(const turtlesim::Pose [01;31m[K&[m[Kp_msg){
      |                                               [01;31m[K^[m[K
[01m[K/root/ros2_ws/src/endicott/src/endicott_turtle_controler.cpp:58:46:[m[K [01;31m[Kerror: [m[Kexpected â€˜[01m[K)[m[Kâ€™ before â€˜[01m[K&[m[Kâ€™ token
   58 |       void poseCallBack[34m[K([m[Kconst turtlesim::Pose[01;31m[K [m[K[32m[K&[m[Kp_msg){
      |                        [34m[K~[m[K                     [01;31m[K^[m[K[32m[K~[m[K
      |                                              [32m[K)[m[K
[01m[K/root/ros2_ws/src/endicott/src/endicott_turtle_controler.cpp:58:47:[m[K [01;31m[Kerror: [m[Kexpected â€˜[01m[K;[m[Kâ€™ at end of member declaration
   58 |       void poseCallBack(const turtlesim::Pose [01;31m[K&[m[Kp_msg){
      |                                               [01;31m[K^[m[K
      |                                                [32m[K;[m[K
[01m[K/root/ros2_ws/src/endicott/src/endicott_turtle_controler.cpp:58:48:[m[K [01;31m[Kerror: [m[Kâ€˜[01m[Kp_msg[m[Kâ€™ does not name a type
   58 |       void poseCallBack(const turtlesim::Pose &[01;31m[Kp_msg[m[K){
      |                                                [01;31m[K^~~~~[m[K
[01m[K/root/ros2_ws/src/endicott/src/endicott_turtle_controler.cpp:[m[K In member function â€˜[01m[Kdouble PathFinding::getDistance(double, double, double, double)[m[Kâ€™:
[01m[K/root/ros2_ws/src/endicott/src/endicott_turtle_controler.cpp:25:24:[m[K [01;31m[Kerror: [m[Kâ€˜[01m[Kpow[m[Kâ€™ was not declared in this scope
   25 |            return sqrt([01;31m[Kpow[m[K((x1-x2),2) + pow((y1-y2),2));
      |                        [01;31m[K^~~[m[K
[01m[K/root/ros2_ws/src/endicott/src/endicott_turtle_controler.cpp:25:19:[m[K [01;31m[Kerror: [m[Kâ€˜[01m[Ksqrt[m[Kâ€™ was not declared in this scope
   25 |            return [01;31m[Ksqrt[m[K(pow((x1-x2),2) + pow((y1-y2),2));
      |                   [01;31m[K^~~~[m[K
[01m[K/root/ros2_ws/src/endicott/src/endicott_turtle_controler.cpp:[m[K In member function â€˜[01m[Kvoid PathFinding::moveGoal()[m[Kâ€™:
[01m[K/root/ros2_ws/src/endicott/src/endicott_turtle_controler.cpp:29:13:[m[K [01;31m[Kerror: [m[Kâ€˜[01m[Kgeometry_msgs[m[Kâ€™ has not been declared
   29 |             [01;31m[Kgeometry_msgs[m[K::Twist vel_msg;
      |             [01;31m[K^~~~~~~~~~~~~[m[K
[01m[K/root/ros2_ws/src/endicott/src/endicott_turtle_controler.cpp:30:13:[m[K [01;31m[Kerror: [m[Kâ€˜[01m[Kros[m[Kâ€™ has not been declared
   30 |             [01;31m[Kros[m[K::Rate loop_rate(10);
      |             [01;31m[K^~~[m[K
[01m[K/root/ros2_ws/src/endicott/src/endicott_turtle_controler.cpp:33:20:[m[K [01;31m[Kerror: [m[Kâ€˜[01m[Kvel_msg[m[Kâ€™ was not declared in this scope
   33 |                    [01;31m[Kvel_msg[m[K.linear.x = 1.5*getDistance(initLocation.x,initLocation.y,finalLocation.x,finalLocation.y);
      |                    [01;31m[K^~~~~~~[m[K
[01m[K/root/ros2_ws/src/endicott/src/endicott_turtle_controler.cpp:33:55:[m[K [01;31m[Kerror: [m[Kâ€˜[01m[KinitLocation[m[Kâ€™ was not declared in this scope
   33 |                    vel_msg.linear.x = 1.5*getDistance([01;31m[KinitLocation[m[K.x,initLocation.y,finalLocation.x,finalLocation.y);
      |                                                       [01;31m[K^~~~~~~~~~~~[m[K
[01m[K/root/ros2_ws/src/endicott/src/endicott_turtle_controler.cpp:33:85:[m[K [01;31m[Kerror: [m[Kâ€˜[01m[KfinalLocation[m[Kâ€™ was not declared in this scope
   33 |                    vel_msg.linear.x = 1.5*getDistance(initLocation.x,initLocation.y,[01;31m[KfinalLocation[m[K.x,finalLocation.y);
      |                                                                                     [01;31m[K^~~~~~~~~~~~~[m[K
[01m[K/root/ros2_ws/src/endicott/src/endicott_turtle_controler.cpp:39:43:[m[K [01;31m[Kerror: [m[Kâ€˜[01m[Katan2[m[Kâ€™ was not declared in this scope
   39 |                    vel_msg.angular.z = 4*([01;31m[Katan2[m[K(finalLocation.y-initLocation.y,finalLocation.x-initLocation.x) - initLocation.theta);
      |                                           [01;31m[K^~~~~[m[K
[01m[K/root/ros2_ws/src/endicott/src/endicott_turtle_controler.cpp:41:20:[m[K [01;31m[Kerror: [m[Kâ€˜[01m[Kcmd_vel_pub[m[Kâ€™ was not declared in this scope
   41 |                    [01;31m[Kcmd_vel_pub[m[K.publish(vel_msg);
      |                    [01;31m[K^~~~~~~~~~~[m[K
[01m[K/root/ros2_ws/src/endicott/src/endicott_turtle_controler.cpp:43:20:[m[K [01;31m[Kerror: [m[Kâ€˜[01m[Kros[m[Kâ€™ has not been declared
   43 |                    [01;31m[Kros[m[K::spinOnce();
      |                    [01;31m[K^~~[m[K
[01m[K/root/ros2_ws/src/endicott/src/endicott_turtle_controler.cpp:44:20:[m[K [01;31m[Kerror: [m[Kâ€˜[01m[Kloop_rate[m[Kâ€™ was not declared in this scope
   44 |                    [01;31m[Kloop_rate[m[K.sleep();
      |                    [01;31m[K^~~~~~~~~[m[K
[01m[K/root/ros2_ws/src/endicott/src/endicott_turtle_controler.cpp:48:31:[m[K [01;31m[Kerror: [m[Kâ€˜[01m[KinitLocation[m[Kâ€™ was not declared in this scope
   48 |             while(getDistance([01;31m[KinitLocation[m[K.x,initLocation.y,finalLocation.x,finalLocation.y) > distance_tolerance);
      |                               [01;31m[K^~~~~~~~~~~~[m[K
[01m[K/root/ros2_ws/src/endicott/src/endicott_turtle_controler.cpp:48:61:[m[K [01;31m[Kerror: [m[Kâ€˜[01m[KfinalLocation[m[Kâ€™ was not declared in this scope
   48 |             while(getDistance(initLocation.x,initLocation.y,[01;31m[KfinalLocation[m[K.x,finalLocation.y) > distance_tolerance);
      |                                                             [01;31m[K^~~~~~~~~~~~~[m[K
[01m[K/root/ros2_ws/src/endicott/src/endicott_turtle_controler.cpp:50:13:[m[K [01;31m[Kerror: [m[Kâ€˜[01m[Kvel_msg[m[Kâ€™ was not declared in this scope
   50 |             [01;31m[Kvel_msg[m[K.linear.x = 0;
      |             [01;31m[K^~~~~~~[m[K
[01m[K/root/ros2_ws/src/endicott/src/endicott_turtle_controler.cpp:53:13:[m[K [01;31m[Kerror: [m[Kâ€˜[01m[Kcmd_vel_pub[m[Kâ€™ was not declared in this scope
   53 |             [01;31m[Kcmd_vel_pub[m[K.publish(vel_msg);
      |             [01;31m[K^~~~~~~~~~~[m[K
[01m[K/root/ros2_ws/src/endicott/src/endicott_turtle_controler.cpp:[m[K At global scope:
[01m[K/root/ros2_ws/src/endicott/src/endicott_turtle_controler.cpp:64:3:[m[K [01;31m[Kerror: [m[Kexpected declaration before â€˜[01m[K}[m[Kâ€™ token
   64 |   [01;31m[K}[m[K
      |   [01;31m[K^[m[K
[01m[K/root/ros2_ws/src/endicott/src/endicott_turtle_controler.cpp:65:7:[m[K [01;31m[Kerror: [m[Kexpected unqualified-id before â€˜[01m[Kthis[m[Kâ€™
   65 |   and [01;31m[Kthis[m[K is how I use it:
      |       [01;31m[K^~~~[m[K
gmake[2]: *** [CMakeFiles/endicott_turtle_controler.dir/build.make:76: CMakeFiles/endicott_turtle_controler.dir/src/endicott_turtle_controler.cpp.o] Error 1
gmake[1]: *** [CMakeFiles/Makefile2:137: CMakeFiles/endicott_turtle_controler.dir/all] Error 2
gmake: *** [Makefile:146: all] Error 2
