[  1%] Built target turtlesim__cpp
[ 11%] Built target turtlesim__rosidl_generator_c
[ 11%] Built target ament_cmake_python_copy_turtlesim
[ 31%] Built target turtlesim__rosidl_typesupport_introspection_cpp
[ 31%] Built target turtlesim__rosidl_typesupport_cpp
[ 41%] Built target turtlesim__rosidl_typesupport_introspection_c
[ 59%] Built target turtlesim__rosidl_typesupport_fastrtps_c
[ 61%] Built target turtlesim__rosidl_typesupport_c
[ 71%] Built target turtlesim__rosidl_typesupport_fastrtps_cpp
[35m[1mConsolidate compiler generated dependencies of target turtlesim_node[0m
[ 73%] Built target turtle_teleop_key
[ 73%] Built target turtlesim
[ 75%] Built target mimic
[ 77%] Built target draw_square
[ 78%] Built target turtlesim__py
[ 79%] [32mBuilding CXX object CMakeFiles/turtlesim_node.dir/src/turtle_frame.cpp.o[0m
[ 88%] Built target turtlesim__rosidl_generator_py
[ 91%] Built target turtlesim__rosidl_typesupport_fastrtps_c__pyext
[ 93%] Built target turtlesim__rosidl_typesupport_c__pyext
[ 94%] Built target turtlesim__rosidl_typesupport_introspection_c__pyext
running egg_info
writing turtlesim.egg-info/PKG-INFO
writing dependency_links to turtlesim.egg-info/dependency_links.txt
writing top-level names to turtlesim.egg-info/top_level.txt
reading manifest file 'turtlesim.egg-info/SOURCES.txt'
writing manifest file 'turtlesim.egg-info/SOURCES.txt'
[ 94%] Built target ament_cmake_python_build_turtlesim_egg
[01m[K/root/ros2_ws/src/ros_tutorials/turtlesim/src/turtle_frame.cpp:[m[K In member function â€˜[01m[Kvirtual void turtlesim::TurtleFrame::paintEvent(QPaintEvent*)[m[Kâ€™:
[01m[K/root/ros2_ws/src/ros_tutorials/turtlesim/src/turtle_frame.cpp:245:3:[m[K [01;31m[Kerror: [m[Kâ€˜[01m[Kbackground_color2[m[Kâ€™ was not declared in this scope; did you mean â€˜[01m[Kbackground_color[m[Kâ€™?
  245 |   [01;31m[Kbackground_color2[m[K = qRgb(0, 0, 0);
      |   [01;31m[K^~~~~~~~~~~~~~~~~[m[K
      |   [32m[Kbackground_color[m[K
gmake[2]: *** [CMakeFiles/turtlesim_node.dir/build.make:108: CMakeFiles/turtlesim_node.dir/src/turtle_frame.cpp.o] Error 1
gmake[1]: *** [CMakeFiles/Makefile2:599: CMakeFiles/turtlesim_node.dir/all] Error 2
gmake: *** [Makefile:146: all] Error 2
