[0.012s] Invoking command in '/root/ros2_ws/build/turtlesim': CMAKE_PREFIX_PATH=${CMAKE_PREFIX_PATH}:/opt/ros/humble /usr/bin/cmake --build /root/ros2_ws/build/turtlesim -- -j8 -l8
[0.055s] [  1%] Built target turtlesim__cpp
[0.058s] [ 11%] Built target turtlesim__rosidl_generator_c
[0.070s] [ 11%] Built target ament_cmake_python_copy_turtlesim
[0.085s] [ 31%] Built target turtlesim__rosidl_typesupport_introspection_cpp
[0.085s] [ 31%] Built target turtlesim__rosidl_typesupport_cpp
[0.086s] [ 41%] Built target turtlesim__rosidl_typesupport_introspection_c
[0.098s] [ 59%] Built target turtlesim__rosidl_typesupport_fastrtps_c
[0.098s] [ 61%] Built target turtlesim__rosidl_typesupport_c
[0.099s] [ 71%] Built target turtlesim__rosidl_typesupport_fastrtps_cpp
[0.110s] [35m[1mConsolidate compiler generated dependencies of target turtlesim_node[0m
[0.117s] [ 73%] Built target turtle_teleop_key
[0.118s] [ 73%] Built target turtlesim
[0.119s] [ 75%] Built target mimic
[0.123s] [ 77%] Built target draw_square
[0.137s] [ 78%] Built target turtlesim__py
[0.146s] [ 79%] [32mBuilding CXX object CMakeFiles/turtlesim_node.dir/src/turtle_frame.cpp.o[0m
[0.161s] [ 88%] Built target turtlesim__rosidl_generator_py
[0.186s] [ 91%] Built target turtlesim__rosidl_typesupport_fastrtps_c__pyext
[0.186s] [ 93%] Built target turtlesim__rosidl_typesupport_c__pyext
[0.187s] [ 94%] Built target turtlesim__rosidl_typesupport_introspection_c__pyext
[0.330s] running egg_info
[0.330s] writing turtlesim.egg-info/PKG-INFO
[0.331s] writing dependency_links to turtlesim.egg-info/dependency_links.txt
[0.331s] writing top-level names to turtlesim.egg-info/top_level.txt
[0.335s] reading manifest file 'turtlesim.egg-info/SOURCES.txt'
[0.336s] writing manifest file 'turtlesim.egg-info/SOURCES.txt'
[0.361s] [ 94%] Built target ament_cmake_python_build_turtlesim_egg
[3.667s] [01m[K/root/ros2_ws/src/ros_tutorials/turtlesim/src/turtle_frame.cpp:[m[K In member function â€˜[01m[Kvirtual void turtlesim::TurtleFrame::paintEvent(QPaintEvent*)[m[Kâ€™:
[3.668s] [01m[K/root/ros2_ws/src/ros_tutorials/turtlesim/src/turtle_frame.cpp:245:3:[m[K [01;31m[Kerror: [m[Kâ€˜[01m[Kbackground_color2[m[Kâ€™ was not declared in this scope; did you mean â€˜[01m[Kbackground_color[m[Kâ€™?
[3.668s]   245 |   [01;31m[Kbackground_color2[m[K = qRgb(0, 0, 0);
[3.668s]       |   [01;31m[K^~~~~~~~~~~~~~~~~[m[K
[3.668s]       |   [32m[Kbackground_color[m[K
[6.469s] gmake[2]: *** [CMakeFiles/turtlesim_node.dir/build.make:108: CMakeFiles/turtlesim_node.dir/src/turtle_frame.cpp.o] Error 1
[6.470s] gmake[1]: *** [CMakeFiles/Makefile2:599: CMakeFiles/turtlesim_node.dir/all] Error 2
[6.470s] gmake: *** [Makefile:146: all] Error 2
[6.472s] Invoked command in '/root/ros2_ws/build/turtlesim' returned '2': CMAKE_PREFIX_PATH=${CMAKE_PREFIX_PATH}:/opt/ros/humble /usr/bin/cmake --build /root/ros2_ws/build/turtlesim -- -j8 -l8
