[0.016s] Invoking command in '/root/ros2_ws/build/endicott': CMAKE_PREFIX_PATH=${CMAKE_PREFIX_PATH}:/opt/ros/humble /usr/bin/cmake --build /root/ros2_ws/build/endicott -- -j8 -l8
[0.055s] [35m[1mConsolidate compiler generated dependencies of target endicott_turtle_controler[0m
[0.075s] [ 50%] [32mBuilding CXX object CMakeFiles/endicott_turtle_controler.dir/src/endicott_turtle_controler.cpp.o[0m
[2.574s] [01m[K/root/ros2_ws/src/endicott/src/endicott_turtle_controler.cpp:29:28:[m[K [01;31m[Kerror: [m[Kâ€˜[01m[Kturtlesim[m[Kâ€™ does not name a type
[2.574s]    29 |   void pose_callback(const [01;31m[Kturtlesim[m[K::msg::Pose::SharedPtr msg) {
[2.574s]       |                            [01;31m[K^~~~~~~~~[m[K
[2.574s] [01m[K/root/ros2_ws/src/endicott/src/endicott_turtle_controler.cpp:29:42:[m[K [01;31m[Kerror: [m[Kexpected unqualified-id before â€˜[01m[K::[m[Kâ€™ token
[2.574s]    29 |   void pose_callback(const turtlesim::msg[01;31m[K::[m[KPose::SharedPtr msg) {
[2.574s]       |                                          [01;31m[K^~[m[K
[2.574s] [01m[K/root/ros2_ws/src/endicott/src/endicott_turtle_controler.cpp:29:42:[m[K [01;31m[Kerror: [m[Kexpected â€˜[01m[K)[m[Kâ€™ before â€˜[01m[K::[m[Kâ€™ token
[2.574s]    29 |   void pose_callback[34m[K([m[Kconst turtlesim::msg[01;31m[K:[m[K[32m[K:[m[KPose::SharedPtr msg) {
[2.574s]       |                     [34m[K~[m[K                    [01;31m[K^[m[K[32m[K~[m[K
[2.574s]       |                                          [32m[K)[m[K
[2.574s] [01m[K/root/ros2_ws/src/endicott/src/endicott_turtle_controler.cpp:29:39:[m[K [01;31m[Kerror: [m[Kexpected â€˜[01m[K;[m[Kâ€™ at end of member declaration
[2.574s]    29 |   void pose_callback(const turtlesim::[01;31m[Kmsg[m[K::Pose::SharedPtr msg) {
[2.574s]       |                                       [01;31m[K^~~[m[K
[2.574s]       |                                          [32m[K;[m[K
[2.576s] [01m[K/root/ros2_ws/src/endicott/src/endicott_turtle_controler.cpp:29:44:[m[K [01;31m[Kerror: [m[Kâ€˜[01m[KPose[m[Kâ€™ in namespace â€˜[01m[K::[m[Kâ€™ does not name a type
[2.576s]    29 |   void pose_callback(const turtlesim::msg::[01;31m[KPose[m[K::SharedPtr msg) {
[2.576s]       |                                            [01;31m[K^~~~[m[K
[2.584s] [01m[K/root/ros2_ws/src/endicott/src/endicott_turtle_controler.cpp:76:21:[m[K [01;31m[Kerror: [m[Kâ€˜[01m[Kgeometry_msgs[m[Kâ€™ was not declared in this scope
[2.584s]    76 |   rclcpp::Publisher<[01;31m[Kgeometry_msgs[m[K::msg::Twist>::SharedPtr velocity_publisher_;
[2.584s]       |                     [01;31m[K^~~~~~~~~~~~~[m[K
[2.584s] [01m[K/root/ros2_ws/src/endicott/src/endicott_turtle_controler.cpp:76:46:[m[K [01;31m[Kerror: [m[Ktemplate argument 1 is invalid
[2.584s]    76 |   rclcpp::Publisher<geometry_msgs::msg::Twist[01;31m[K>[m[K::SharedPtr velocity_publisher_;
[2.584s]       |                                              [01;31m[K^[m[K
[2.584s] [01m[K/root/ros2_ws/src/endicott/src/endicott_turtle_controler.cpp:76:49:[m[K [01;31m[Kerror: [m[Kexpected â€˜[01m[K;[m[Kâ€™ at end of member declaration
[2.584s]    76 |   rclcpp::Publisher<geometry_msgs::msg::Twist>::[01;31m[KSharedPtr[m[K velocity_publisher_;
[2.585s]       |                                                 [01;31m[K^~~~~~~~~[m[K
[2.585s]       |                                                          [32m[K;[m[K
[2.588s] [01m[K/root/ros2_ws/src/endicott/src/endicott_turtle_controler.cpp:76:59:[m[K [01;31m[Kerror: [m[Kâ€˜[01m[Kvelocity_publisher_[m[Kâ€™ does not name a type
[2.588s]    76 |   rclcpp::Publisher<geometry_msgs::msg::Twist>::SharedPtr [01;31m[Kvelocity_publisher_[m[K;
[2.588s]       |                                                           [01;31m[K^~~~~~~~~~~~~~~~~~~[m[K
[2.593s] [01m[K/root/ros2_ws/src/endicott/src/endicott_turtle_controler.cpp:77:24:[m[K [01;31m[Kerror: [m[Kâ€˜[01m[Kturtlesim[m[Kâ€™ was not declared in this scope
[2.593s]    77 |   rclcpp::Subscription<[01;31m[Kturtlesim[m[K::msg::Pose>::SharedPtr pose_subscription_;
[2.593s]       |                        [01;31m[K^~~~~~~~~[m[K
[2.593s] [01m[K/root/ros2_ws/src/endicott/src/endicott_turtle_controler.cpp:77:44:[m[K [01;31m[Kerror: [m[Ktemplate argument 1 is invalid
[2.593s]    77 |   rclcpp::Subscription<turtlesim::msg::Pose[01;31m[K>[m[K::SharedPtr pose_subscription_;
[2.593s]       |                                            [01;31m[K^[m[K
[2.593s] [01m[K/root/ros2_ws/src/endicott/src/endicott_turtle_controler.cpp:77:44:[m[K [01;31m[Kerror: [m[Ktemplate argument 3 is invalid
[2.593s] [01m[K/root/ros2_ws/src/endicott/src/endicott_turtle_controler.cpp:77:44:[m[K [01;31m[Kerror: [m[Ktemplate argument 4 is invalid
[2.593s] [01m[K/root/ros2_ws/src/endicott/src/endicott_turtle_controler.cpp:77:44:[m[K [01;31m[Kerror: [m[Ktemplate argument 5 is invalid
[2.593s] [01m[K/root/ros2_ws/src/endicott/src/endicott_turtle_controler.cpp:77:47:[m[K [01;31m[Kerror: [m[Kexpected â€˜[01m[K;[m[Kâ€™ at end of member declaration
[2.593s]    77 |   rclcpp::Subscription<turtlesim::msg::Pose>::[01;31m[KSharedPtr[m[K pose_subscription_;
[2.593s]       |                                               [01;31m[K^~~~~~~~~[m[K
[2.593s]       |                                                        [32m[K;[m[K
[2.593s] [01m[K/root/ros2_ws/src/endicott/src/endicott_turtle_controler.cpp:77:47:[m[K [01;31m[Kerror: [m[Kredeclaration of â€˜[01m[Kint GotoNode::SharedPtr[m[Kâ€™
[2.594s] [01m[K/root/ros2_ws/src/endicott/src/endicott_turtle_controler.cpp:76:49:[m[K [01;36m[Knote: [m[Kprevious declaration â€˜[01m[Kint GotoNode::SharedPtr[m[Kâ€™
[2.594s]    76 |   rclcpp::Publisher<geometry_msgs::msg::Twist>::[01;36m[KSharedPtr[m[K velocity_publisher_;
[2.594s]       |                                                 [01;36m[K^~~~~~~~~[m[K
[2.595s] [01m[K/root/ros2_ws/src/endicott/src/endicott_turtle_controler.cpp:77:57:[m[K [01;31m[Kerror: [m[Kâ€˜[01m[Kpose_subscription_[m[Kâ€™ does not name a type; did you mean â€˜[01m[Krmw_subscription_t[m[Kâ€™?
[2.595s]    77 |   rclcpp::Subscription<turtlesim::msg::Pose>::SharedPtr [01;31m[Kpose_subscription_[m[K;
[2.595s]       |                                                         [01;31m[K^~~~~~~~~~~~~~~~~~[m[K
[2.595s]       |                                                         [32m[Krmw_subscription_t[m[K
[2.603s] [01m[K/root/ros2_ws/src/endicott/src/endicott_turtle_controler.cpp:[m[K In constructor â€˜[01m[KGotoNode::GotoNode()[m[Kâ€™:
[2.603s] [01m[K/root/ros2_ws/src/endicott/src/endicott_turtle_controler.cpp:14:5:[m[K [01;31m[Kerror: [m[Kâ€˜[01m[Kvelocity_publisher_[m[Kâ€™ was not declared in this scope; did you mean â€˜[01m[Kcount_publishers[m[Kâ€™?
[2.603s]    14 |     [01;31m[Kvelocity_publisher_[m[K = create_publisher<geometry_msgs::msg::Twist>("/turtle1/cmd_vel", 10);
[2.603s]       |     [01;31m[K^~~~~~~~~~~~~~~~~~~[m[K
[2.603s]       |     [32m[Kcount_publishers[m[K
[2.609s] [01m[K/root/ros2_ws/src/endicott/src/endicott_turtle_controler.cpp:14:44:[m[K [01;31m[Kerror: [m[Kâ€˜[01m[Kgeometry_msgs[m[Kâ€™ was not declared in this scope
[2.609s]    14 |     velocity_publisher_ = create_publisher<[01;31m[Kgeometry_msgs[m[K::msg::Twist>("/turtle1/cmd_vel", 10);
[2.609s]       |                                            [01;31m[K^~~~~~~~~~~~~[m[K
[2.609s] [01m[K/root/ros2_ws/src/endicott/src/endicott_turtle_controler.cpp:14:27:[m[K [01;31m[Kerror: [m[Kparse error in template argument list
[2.609s]    14 |     velocity_publisher_ = [01;31m[Kcreate_publisher<geometry_msgs::msg::Twist>[m[K("/turtle1/cmd_vel", 10);
[2.609s]       |                           [01;31m[K^~~~~~~~~~~~~~~~~~~~~~~~~~~~~~~~~~~~~~~~~~~[m[K
[2.609s] [01m[K/root/ros2_ws/src/endicott/src/endicott_turtle_controler.cpp:14:70:[m[K [01;31m[Kerror: [m[Kno matching function for call to â€˜[01m[KGotoNode::create_publisher<<expression error> >(const char [17], int)[m[Kâ€™
[2.609s]    14 |     velocity_publisher_ = [01;31m[Kcreate_publisher<geometry_msgs::msg::Twist>("/turtle1/cmd_vel", 10)[m[K;
[2.609s]       |                           [01;31m[K~~~~~~~~~~~~~~~~~~~~~~~~~~~~~~~~~~~~~~~~~~~^~~~~~~~~~~~~~~~~~~~~~~~[m[K
[2.610s] In file included from [01m[K/opt/ros/humble/include/rclcpp/rclcpp/executors/single_threaded_executor.hpp:28[m[K,
[2.610s]                  from [01m[K/opt/ros/humble/include/rclcpp/rclcpp/executors.hpp:22[m[K,
[2.610s]                  from [01m[K/opt/ros/humble/include/rclcpp/rclcpp/rclcpp.hpp:155[m[K,
[2.610s]                  from [01m[K/root/ros2_ws/src/endicott/src/endicott_turtle_controler.cpp:2[m[K:
[2.610s] [01m[K/opt/ros/humble/include/rclcpp/rclcpp/node.hpp:195:3:[m[K [01;36m[Knote: [m[Kcandidate: â€˜[01m[Ktemplate<class MessageT, class AllocatorT, class PublisherT> std::shared_ptr<PublisherT> rclcpp::Node::create_publisher(const string&, const rclcpp::QoS&, const rclcpp::PublisherOptionsWithAllocator<AllocatorT>&)[m[Kâ€™
[2.610s]   195 |   [01;36m[Kcreate_publisher[m[K(
[2.610s]       |   [01;36m[K^~~~~~~~~~~~~~~~[m[K
[2.610s] [01m[K/opt/ros/humble/include/rclcpp/rclcpp/node.hpp:195:3:[m[K [01;36m[Knote: [m[K  template argument deduction/substitution failed:
[2.610s] [01m[K/root/ros2_ws/src/endicott/src/endicott_turtle_controler.cpp:14:70:[m[K [01;31m[Kerror: [m[Ktemplate argument 1 is invalid
[2.610s]    14 |     velocity_publisher_ = [01;31m[Kcreate_publisher<geometry_msgs::msg::Twist>("/turtle1/cmd_vel", 10)[m[K;
[2.610s]       |                           [01;31m[K~~~~~~~~~~~~~~~~~~~~~~~~~~~~~~~~~~~~~~~~~~~^~~~~~~~~~~~~~~~~~~~~~~~[m[K
[2.615s] [01m[K/root/ros2_ws/src/endicott/src/endicott_turtle_controler.cpp:15:5:[m[K [01;31m[Kerror: [m[Kâ€˜[01m[Kpose_subscription_[m[Kâ€™ was not declared in this scope; did you mean â€˜[01m[Krmw_subscription_t[m[Kâ€™?
[2.615s]    15 |     [01;31m[Kpose_subscription_[m[K = create_subscription<turtlesim::msg::Pose>(
[2.615s]       |     [01;31m[K^~~~~~~~~~~~~~~~~~[m[K
[2.615s]       |     [32m[Krmw_subscription_t[m[K
[2.621s] [01m[K/root/ros2_ws/src/endicott/src/endicott_turtle_controler.cpp:15:46:[m[K [01;31m[Kerror: [m[Kâ€˜[01m[Kturtlesim[m[Kâ€™ was not declared in this scope
[2.621s]    15 |     pose_subscription_ = create_subscription<[01;31m[Kturtlesim[m[K::msg::Pose>(
[2.621s]       |                                              [01;31m[K^~~~~~~~~[m[K
[2.621s] [01m[K/root/ros2_ws/src/endicott/src/endicott_turtle_controler.cpp:15:26:[m[K [01;31m[Kerror: [m[Kparse error in template argument list
[2.621s]    15 |     pose_subscription_ = [01;31m[Kcreate_subscription<turtlesim::msg::Pose>[m[K(
[2.621s]       |                          [01;31m[K^~~~~~~~~~~~~~~~~~~~~~~~~~~~~~~~~~~~~~~~~[m[K
[2.627s] [01m[K/root/ros2_ws/src/endicott/src/endicott_turtle_controler.cpp:15:67:[m[K [01;31m[Kerror: [m[Kno matching function for call to â€˜[01m[KGotoNode::create_subscription<<expression error> >(const char [14], int, std::_Bind_helper<false, void (GotoNode::*)(...), GotoNode*, const std::_Placeholder<1>&>::type)[m[Kâ€™
[2.627s]    15 |     pose_subscription_ = [01;31m[Kcreate_subscription<turtlesim::msg::Pose>([m[K
[2.627s]       |                          [01;31m[K~~~~~~~~~~~~~~~~~~~~~~~~~~~~~~~~~~~~~~~~~^[m[K
[2.627s]    16 | [01;31m[K        "/turtle1/pose", 10, std::bind(&GotoNode::pose_callback, this, std::placeholders::_1))[m[K;
[2.628s]       |         [01;31m[K~~~~~~~~~~~~~~~~~~~~~~~~~~~~~~~~~~~~~~~~~~~~~~~~~~~~~~~~~~~~~~~~~~~~~~~~~~~~~~~~~~~~~~[m[K
[2.628s] In file included from [01m[K/opt/ros/humble/include/rclcpp/rclcpp/executors/single_threaded_executor.hpp:28[m[K,
[2.628s]                  from [01m[K/opt/ros/humble/include/rclcpp/rclcpp/executors.hpp:22[m[K,
[2.628s]                  from [01m[K/opt/ros/humble/include/rclcpp/rclcpp/rclcpp.hpp:155[m[K,
[2.628s]                  from [01m[K/root/ros2_ws/src/endicott/src/endicott_turtle_controler.cpp:2[m[K:
[2.628s] [01m[K/opt/ros/humble/include/rclcpp/rclcpp/node.hpp:219:3:[m[K [01;36m[Knote: [m[Kcandidate: â€˜[01m[Ktemplate<class MessageT, class CallbackT, class AllocatorT, class SubscriptionT, class MessageMemoryStrategyT> std::shared_ptr<ROSMessageT> rclcpp::Node::create_subscription(const string&, const rclcpp::QoS&, CallbackT&&, const rclcpp::SubscriptionOptionsWithAllocator<AllocatorT>&, typename MessageMemoryStrategyT::SharedPtr)[m[Kâ€™
[2.628s]   219 |   [01;36m[Kcreate_subscription[m[K(
[2.628s]       |   [01;36m[K^~~~~~~~~~~~~~~~~~~[m[K
[2.628s] [01m[K/opt/ros/humble/include/rclcpp/rclcpp/node.hpp:219:3:[m[K [01;36m[Knote: [m[K  template argument deduction/substitution failed:
[2.628s] [01m[K/root/ros2_ws/src/endicott/src/endicott_turtle_controler.cpp:15:67:[m[K [01;31m[Kerror: [m[Ktemplate argument 1 is invalid
[2.628s]    15 |     pose_subscription_ = [01;31m[Kcreate_subscription<turtlesim::msg::Pose>([m[K
[2.628s]       |                          [01;31m[K~~~~~~~~~~~~~~~~~~~~~~~~~~~~~~~~~~~~~~~~~^[m[K
[2.628s]    16 | [01;31m[K        "/turtle1/pose", 10, std::bind(&GotoNode::pose_callback, this, std::placeholders::_1))[m[K;
[2.628s]       |         [01;31m[K~~~~~~~~~~~~~~~~~~~~~~~~~~~~~~~~~~~~~~~~~~~~~~~~~~~~~~~~~~~~~~~~~~~~~~~~~~~~~~~~~~~~~~[m[K
[2.628s] [01m[K/root/ros2_ws/src/endicott/src/endicott_turtle_controler.cpp:[m[K In member function â€˜[01m[Kvoid GotoNode::rotate_turtle(double)[m[Kâ€™:
[2.628s] [01m[K/root/ros2_ws/src/endicott/src/endicott_turtle_controler.cpp:59:9:[m[K [01;31m[Kerror: [m[Kâ€˜[01m[Kgeometry_msgs[m[Kâ€™ has not been declared
[2.628s]    59 |         [01;31m[Kgeometry_msgs[m[K::msg::Twist twist_msg;
[2.628s]       |         [01;31m[K^~~~~~~~~~~~~[m[K
[2.635s] [01m[K/root/ros2_ws/src/endicott/src/endicott_turtle_controler.cpp:60:9:[m[K [01;31m[Kerror: [m[Kâ€˜[01m[Ktwist_msg[m[Kâ€™ was not declared in this scope
[2.635s]    60 |         [01;31m[Ktwist_msg[m[K.angular.z = angular_error;
[2.635s]       |         [01;31m[K^~~~~~~~~[m[K
[2.645s] [01m[K/root/ros2_ws/src/endicott/src/endicott_turtle_controler.cpp:61:9:[m[K [01;31m[Kerror: [m[Kâ€˜[01m[Kvelocity_publisher_[m[Kâ€™ was not declared in this scope; did you mean â€˜[01m[Kcount_publishers[m[Kâ€™?
[2.645s]    61 |         [01;31m[Kvelocity_publisher_[m[K->publish(twist_msg);
[2.645s]       |         [01;31m[K^~~~~~~~~~~~~~~~~~~[m[K
[2.645s]       |         [32m[Kcount_publishers[m[K
[2.645s] [01m[K/root/ros2_ws/src/endicott/src/endicott_turtle_controler.cpp:[m[K In member function â€˜[01m[Kvoid GotoNode::move_forward(double)[m[Kâ€™:
[2.645s] [01m[K/root/ros2_ws/src/endicott/src/endicott_turtle_controler.cpp:65:5:[m[K [01;31m[Kerror: [m[Kâ€˜[01m[Kgeometry_msgs[m[Kâ€™ has not been declared
[2.645s]    65 |     [01;31m[Kgeometry_msgs[m[K::msg::Twist twist_msg;
[2.645s]       |     [01;31m[K^~~~~~~~~~~~~[m[K
[2.653s] [01m[K/root/ros2_ws/src/endicott/src/endicott_turtle_controler.cpp:66:5:[m[K [01;31m[Kerror: [m[Kâ€˜[01m[Ktwist_msg[m[Kâ€™ was not declared in this scope
[2.653s]    66 |     [01;31m[Ktwist_msg[m[K.linear.x = distance;
[2.653s]       |     [01;31m[K^~~~~~~~~[m[K
[2.663s] [01m[K/root/ros2_ws/src/endicott/src/endicott_turtle_controler.cpp:67:5:[m[K [01;31m[Kerror: [m[Kâ€˜[01m[Kvelocity_publisher_[m[Kâ€™ was not declared in this scope; did you mean â€˜[01m[Kcount_publishers[m[Kâ€™?
[2.663s]    67 |     [01;31m[Kvelocity_publisher_[m[K->publish(twist_msg);
[2.663s]       |     [01;31m[K^~~~~~~~~~~~~~~~~~~[m[K
[2.663s]       |     [32m[Kcount_publishers[m[K
[2.663s] [01m[K/root/ros2_ws/src/endicott/src/endicott_turtle_controler.cpp:[m[K In member function â€˜[01m[Kvoid GotoNode::stop_turtle()[m[Kâ€™:
[2.663s] [01m[K/root/ros2_ws/src/endicott/src/endicott_turtle_controler.cpp:72:5:[m[K [01;31m[Kerror: [m[Kâ€˜[01m[Kgeometry_msgs[m[Kâ€™ has not been declared
[2.663s]    72 |     [01;31m[Kgeometry_msgs[m[K::msg::Twist twist_msg;
[2.663s]       |     [01;31m[K^~~~~~~~~~~~~[m[K
[2.673s] [01m[K/root/ros2_ws/src/endicott/src/endicott_turtle_controler.cpp:73:5:[m[K [01;31m[Kerror: [m[Kâ€˜[01m[Kvelocity_publisher_[m[Kâ€™ was not declared in this scope; did you mean â€˜[01m[Kcount_publishers[m[Kâ€™?
[2.673s]    73 |     [01;31m[Kvelocity_publisher_[m[K->publish(twist_msg);
[2.673s]       |     [01;31m[K^~~~~~~~~~~~~~~~~~~[m[K
[2.673s]       |     [32m[Kcount_publishers[m[K
[2.679s] [01m[K/root/ros2_ws/src/endicott/src/endicott_turtle_controler.cpp:73:34:[m[K [01;31m[Kerror: [m[Kâ€˜[01m[Ktwist_msg[m[Kâ€™ was not declared in this scope
[2.679s]    73 |     velocity_publisher_->publish([01;31m[Ktwist_msg[m[K);
[2.679s]       |                                  [01;31m[K^~~~~~~~~[m[K
[2.682s] [01m[K/root/ros2_ws/src/endicott/src/endicott_turtle_controler.cpp:[m[K In function â€˜[01m[Kint main(int, char**)[m[Kâ€™:
[2.682s] [01m[K/root/ros2_ws/src/endicott/src/endicott_turtle_controler.cpp:102:22:[m[K [01;31m[Kerror: [m[Kâ€˜[01m[Kbool GotoNode::moving_[m[Kâ€™ is private within this context
[2.682s]   102 |     while(goto_node->[01;31m[Kmoving_[m[K){
[2.682s]       |                      [01;31m[K^~~~~~~[m[K
[2.682s] [01m[K/root/ros2_ws/src/endicott/src/endicott_turtle_controler.cpp:84:8:[m[K [01;36m[Knote: [m[Kdeclared private here
[2.682s]    84 |   bool [01;36m[Kmoving_[m[K = false;
[2.682s]       |        [01;36m[K^~~~~~~[m[K
[3.091s] gmake[2]: *** [CMakeFiles/endicott_turtle_controler.dir/build.make:76: CMakeFiles/endicott_turtle_controler.dir/src/endicott_turtle_controler.cpp.o] Error 1
[3.092s] gmake[1]: *** [CMakeFiles/Makefile2:137: CMakeFiles/endicott_turtle_controler.dir/all] Error 2
[3.092s] gmake: *** [Makefile:146: all] Error 2
[3.096s] Invoked command in '/root/ros2_ws/build/endicott' returned '2': CMAKE_PREFIX_PATH=${CMAKE_PREFIX_PATH}:/opt/ros/humble /usr/bin/cmake --build /root/ros2_ws/build/endicott -- -j8 -l8
