[01m[K/root/ros2_ws/src/endicott/src/endicott_turtle_controler.cpp:2:10:[m[K [01;31m[Kfatal error: [m[K../../turtlesim/turtle_frame.h: No such file or directory
    2 | #include [01;31m[K"../../turtlesim/turtle_frame.h"[m[K
      |          [01;31m[K^~~~~~~~~~~~~~~~~~~~~~~~~~~~~~~~[m[K
compilation terminated.
gmake[2]: *** [CMakeFiles/endicott_turtle_controler.dir/build.make:76: CMakeFiles/endicott_turtle_controler.dir/src/endicott_turtle_controler.cpp.o] Error 1
gmake[1]: *** [CMakeFiles/Makefile2:137: CMakeFiles/endicott_turtle_controler.dir/all] Error 2
gmake: *** [Makefile:146: all] Error 2
