[0.017s] Invoking command in '/root/ros2_ws/src/build/endicott': CMAKE_PREFIX_PATH=${CMAKE_PREFIX_PATH}:/opt/ros/humble /usr/bin/cmake /root/ros2_ws/src/endicott -DCMAKE_INSTALL_PREFIX=/root/ros2_ws/src/install/endicott
[0.101s] -- The C compiler identification is GNU 11.4.0
[0.374s] -- The CXX compiler identification is GNU 11.4.0
[0.580s] -- Detecting C compiler ABI info
[0.680s] -- Detecting C compiler ABI info - done
[0.691s] -- Check for working C compiler: /usr/bin/cc - skipped
[0.691s] -- Detecting C compile features
[0.691s] -- Detecting C compile features - done
[0.694s] -- Detecting CXX compiler ABI info
[0.801s] -- Detecting CXX compiler ABI info - done
[0.808s] -- Check for working CXX compiler: /usr/bin/c++ - skipped
[0.808s] -- Detecting CXX compile features
[0.809s] -- Detecting CXX compile features - done
[0.811s] -- Found ament_cmake: 1.3.11 (/opt/ros/humble/share/ament_cmake/cmake)
[0.948s] -- Found Python3: /usr/bin/python3 (found version "3.10.12") found components: Interpreter 
[1.020s] -- Found ament_lint_auto: 0.12.11 (/opt/ros/humble/share/ament_lint_auto/cmake)
[1.085s] -- Added test 'cppcheck' to perform static code analysis on C / C++ code
[1.085s] -- Configured cppcheck include dirs: $<BUILD_INTERFACE:/root/ros2_ws/src/endicott/include>
[1.085s] -- Configured cppcheck exclude dirs and/or files: 
[1.086s] -- Added test 'lint_cmake' to check CMake code style
[1.087s] -- Added test 'uncrustify' to check C / C++ code style
[1.088s] -- Configured uncrustify additional arguments: 
[1.088s] -- Added test 'xmllint' to check XML markup files
[1.090s] -- Configuring done
[1.094s] -- Generating done
[1.096s] -- Build files have been written to: /root/ros2_ws/src/build/endicott
[1.101s] Invoked command in '/root/ros2_ws/src/build/endicott' returned '0': CMAKE_PREFIX_PATH=${CMAKE_PREFIX_PATH}:/opt/ros/humble /usr/bin/cmake /root/ros2_ws/src/endicott -DCMAKE_INSTALL_PREFIX=/root/ros2_ws/src/install/endicott
[1.104s] Invoking command in '/root/ros2_ws/src/build/endicott': CMAKE_PREFIX_PATH=${CMAKE_PREFIX_PATH}:/opt/ros/humble /usr/bin/cmake --build /root/ros2_ws/src/build/endicott -- -j8 -l8
[1.142s] [ 50%] [32mBuilding CXX object CMakeFiles/endicott_turtle_controler.dir/src/endicott_turtle_controler.cpp.o[0m
[1.151s] [01m[K/root/ros2_ws/src/endicott/src/endicott_turtle_controler.cpp:2:10:[m[K [01;31m[Kfatal error: [m[K../../turtlesim/turtle_frame.h: No such file or directory
[1.151s]     2 | #include [01;31m[K"../../turtlesim/turtle_frame.h"[m[K
[1.151s]       |          [01;31m[K^~~~~~~~~~~~~~~~~~~~~~~~~~~~~~~~[m[K
[1.151s] compilation terminated.
[1.153s] gmake[2]: *** [CMakeFiles/endicott_turtle_controler.dir/build.make:76: CMakeFiles/endicott_turtle_controler.dir/src/endicott_turtle_controler.cpp.o] Error 1
[1.153s] gmake[1]: *** [CMakeFiles/Makefile2:137: CMakeFiles/endicott_turtle_controler.dir/all] Error 2
[1.153s] gmake: *** [Makefile:146: all] Error 2
[1.157s] Invoked command in '/root/ros2_ws/src/build/endicott' returned '2': CMAKE_PREFIX_PATH=${CMAKE_PREFIX_PATH}:/opt/ros/humble /usr/bin/cmake --build /root/ros2_ws/src/build/endicott -- -j8 -l8
