[01m[K/root/ros2_ws/src/ros_tutorials/turtlesim/src/turtle_frame.cpp:[m[K In member function â€˜[01m[Kvirtual void turtlesim::TurtleFrame::paintEvent(QPaintEvent*)[m[Kâ€™:
[01m[K/root/ros2_ws/src/ros_tutorials/turtlesim/src/turtle_frame.cpp:248:8:[m[K [01;31m[Kerror: [m[Kredeclaration of â€˜[01m[KQRgb background_color[m[Kâ€™
  248 |   QRgb [01;31m[Kbackground_color[m[K = qRgb(r, g, b);
      |        [01;31m[K^~~~~~~~~~~~~~~~[m[K
[01m[K/root/ros2_ws/src/ros_tutorials/turtlesim/src/turtle_frame.cpp:244:8:[m[K [01;36m[Knote: [m[Kâ€˜[01m[KQRgb background_color[m[Kâ€™ previously declared here
  244 |   QRgb [01;36m[Kbackground_color[m[K = qRgb(r, g, b);
      |        [01;36m[K^~~~~~~~~~~~~~~~[m[K
gmake[2]: *** [CMakeFiles/turtlesim_node.dir/build.make:108: CMakeFiles/turtlesim_node.dir/src/turtle_frame.cpp.o] Error 1
gmake[1]: *** [CMakeFiles/Makefile2:599: CMakeFiles/turtlesim_node.dir/all] Error 2
gmake: *** [Makefile:146: all] Error 2
