[0.013s] Invoking command in '/root/ros2_ws/build/turtlesim': CMAKE_PREFIX_PATH=${CMAKE_PREFIX_PATH}:/opt/ros/humble /usr/bin/cmake --build /root/ros2_ws/build/turtlesim -- -j8 -l8
[0.054s] [  1%] Built target turtlesim__cpp
[0.056s] [ 11%] Built target turtlesim__rosidl_generator_c
[0.067s] [ 11%] Built target ament_cmake_python_copy_turtlesim
[0.080s] [ 21%] Built target turtlesim__rosidl_typesupport_c
[0.084s] [ 41%] Built target turtlesim__rosidl_typesupport_introspection_c
[0.084s] [ 41%] Built target turtlesim__rosidl_typesupport_cpp
[0.085s] [ 51%] Built target turtlesim__rosidl_typesupport_introspection_cpp
[0.086s] [ 61%] Built target turtlesim__rosidl_typesupport_fastrtps_cpp
[0.088s] [ 71%] Built target turtlesim__rosidl_typesupport_fastrtps_c
[0.102s] [35m[1mConsolidate compiler generated dependencies of target turtlesim_node[0m
[0.113s] [ 71%] Built target turtlesim
[0.114s] [ 73%] Built target turtle_teleop_key
[0.116s] [ 75%] Built target mimic
[0.117s] [ 77%] Built target draw_square
[0.134s] [ 78%] Built target turtlesim__py
[0.136s] [ 79%] [32mBuilding CXX object CMakeFiles/turtlesim_node.dir/src/turtle_frame.cpp.o[0m
[0.155s] [ 88%] Built target turtlesim__rosidl_generator_py
[0.174s] [ 90%] Built target turtlesim__rosidl_typesupport_c__pyext
[0.175s] [ 92%] Built target turtlesim__rosidl_typesupport_introspection_c__pyext
[0.176s] [ 94%] Built target turtlesim__rosidl_typesupport_fastrtps_c__pyext
[0.290s] running egg_info
[0.290s] writing turtlesim.egg-info/PKG-INFO
[0.290s] writing dependency_links to turtlesim.egg-info/dependency_links.txt
[0.290s] writing top-level names to turtlesim.egg-info/top_level.txt
[0.293s] reading manifest file 'turtlesim.egg-info/SOURCES.txt'
[0.293s] writing manifest file 'turtlesim.egg-info/SOURCES.txt'
[0.317s] [ 94%] Built target ament_cmake_python_build_turtlesim_egg
[3.600s] [01m[K/root/ros2_ws/src/ros_tutorials/turtlesim/src/turtle_frame.cpp:[m[K In member function â€˜[01m[Kvirtual void turtlesim::TurtleFrame::paintEvent(QPaintEvent*)[m[Kâ€™:
[3.600s] [01m[K/root/ros2_ws/src/ros_tutorials/turtlesim/src/turtle_frame.cpp:248:8:[m[K [01;31m[Kerror: [m[Kredeclaration of â€˜[01m[KQRgb background_color[m[Kâ€™
[3.600s]   248 |   QRgb [01;31m[Kbackground_color[m[K = qRgb(r, g, b);
[3.600s]       |        [01;31m[K^~~~~~~~~~~~~~~~[m[K
[3.600s] [01m[K/root/ros2_ws/src/ros_tutorials/turtlesim/src/turtle_frame.cpp:244:8:[m[K [01;36m[Knote: [m[Kâ€˜[01m[KQRgb background_color[m[Kâ€™ previously declared here
[3.600s]   244 |   QRgb [01;36m[Kbackground_color[m[K = qRgb(r, g, b);
[3.600s]       |        [01;36m[K^~~~~~~~~~~~~~~~[m[K
[6.474s] gmake[2]: *** [CMakeFiles/turtlesim_node.dir/build.make:108: CMakeFiles/turtlesim_node.dir/src/turtle_frame.cpp.o] Error 1
[6.474s] gmake[1]: *** [CMakeFiles/Makefile2:599: CMakeFiles/turtlesim_node.dir/all] Error 2
[6.475s] gmake: *** [Makefile:146: all] Error 2
[6.478s] Invoked command in '/root/ros2_ws/build/turtlesim' returned '2': CMAKE_PREFIX_PATH=${CMAKE_PREFIX_PATH}:/opt/ros/humble /usr/bin/cmake --build /root/ros2_ws/build/turtlesim -- -j8 -l8
