[01m[K/root/ros2_ws/src/endicott/src/endicott_turtle_controler.cpp:5:6:[m[K [01;31m[Kerror: [m[Kâ€˜[01m[Kturtlesim[m[Kâ€™ does not name a type
    5 |      [01;31m[Kturtlesim[m[K::Pose initLocation;
      |      [01;31m[K^~~~~~~~~[m[K
[01m[K/root/ros2_ws/src/endicott/src/endicott_turtle_controler.cpp:6:6:[m[K [01;31m[Kerror: [m[Kâ€˜[01m[Kturtlesim[m[Kâ€™ does not name a type
    6 |      [01;31m[Kturtlesim[m[K::Pose finalLocation;
      |      [01;31m[K^~~~~~~~~[m[K
[01m[K/root/ros2_ws/src/endicott/src/endicott_turtle_controler.cpp:8:6:[m[K [01;31m[Kerror: [m[Kâ€˜[01m[Kros[m[Kâ€™ does not name a type
    8 |      [01;31m[Kros[m[K::Publisher cmd_vel_pub;
      |      [01;31m[K^~~[m[K
[01m[K/root/ros2_ws/src/endicott/src/endicott_turtle_controler.cpp:9:6:[m[K [01;31m[Kerror: [m[Kâ€˜[01m[Kros[m[Kâ€™ does not name a type
    9 |      [01;31m[Kros[m[K::Subscriber pose_sub;
      |      [01;31m[K^~~[m[K
[01m[K/root/ros2_ws/src/endicott/src/endicott_turtle_controler.cpp:10:6:[m[K [01;31m[Kerror: [m[Kâ€˜[01m[Kros[m[Kâ€™ does not name a type
   10 |      [01;31m[Kros[m[K::NodeHandle nh;
      |      [01;31m[K^~~[m[K
[01m[K/root/ros2_ws/src/endicott/src/endicott_turtle_controler.cpp:12:18:[m[K [01;31m[Kerror: [m[Kâ€˜[01m[Kturtlesim[m[Kâ€™ has not been declared
   12 |      PathFinding([01;31m[Kturtlesim[m[K::Pose goal, double d, ros::NodeHandle &n){
      |                  [01;31m[K^~~~~~~~~[m[K
[01m[K/root/ros2_ws/src/endicott/src/endicott_turtle_controler.cpp:12:33:[m[K [01;31m[Kerror: [m[Kexpected â€˜[01m[K)[m[Kâ€™ before â€˜[01m[Kgoal[m[Kâ€™
   12 |      PathFinding[34m[K([m[Kturtlesim::Pose[01;31m[K [m[K[32m[Kgoal[m[K, double d, ros::NodeHandle &n){
      |                 [34m[K~[m[K               [01;31m[K^[m[K[32m[K~~~~[m[K
      |                                 [32m[K)[m[K
[01m[K/root/ros2_ws/src/endicott/src/endicott_turtle_controler.cpp:55:31:[m[K [01;31m[Kerror: [m[Kâ€˜[01m[Kturtlesim[m[Kâ€™ does not name a type
   55 |       void poseCallBack(const [01;31m[Kturtlesim[m[K::Pose &p_msg){
      |                               [01;31m[K^~~~~~~~~[m[K
[01m[K/root/ros2_ws/src/endicott/src/endicott_turtle_controler.cpp:55:47:[m[K [01;31m[Kerror: [m[Kexpected unqualified-id before â€˜[01m[K&[m[Kâ€™ token
   55 |       void poseCallBack(const turtlesim::Pose [01;31m[K&[m[Kp_msg){
      |                                               [01;31m[K^[m[K
[01m[K/root/ros2_ws/src/endicott/src/endicott_turtle_controler.cpp:55:46:[m[K [01;31m[Kerror: [m[Kexpected â€˜[01m[K)[m[Kâ€™ before â€˜[01m[K&[m[Kâ€™ token
   55 |       void poseCallBack[34m[K([m[Kconst turtlesim::Pose[01;31m[K [m[K[32m[K&[m[Kp_msg){
      |                        [34m[K~[m[K                     [01;31m[K^[m[K[32m[K~[m[K
      |                                              [32m[K)[m[K
[01m[K/root/ros2_ws/src/endicott/src/endicott_turtle_controler.cpp:55:47:[m[K [01;31m[Kerror: [m[Kexpected â€˜[01m[K;[m[Kâ€™ at end of member declaration
   55 |       void poseCallBack(const turtlesim::Pose [01;31m[K&[m[Kp_msg){
      |                                               [01;31m[K^[m[K
      |                                                [32m[K;[m[K
[01m[K/root/ros2_ws/src/endicott/src/endicott_turtle_controler.cpp:55:48:[m[K [01;31m[Kerror: [m[Kâ€˜[01m[Kp_msg[m[Kâ€™ does not name a type
   55 |       void poseCallBack(const turtlesim::Pose &[01;31m[Kp_msg[m[K){
      |                                                [01;31m[K^~~~~[m[K
[01m[K/root/ros2_ws/src/endicott/src/endicott_turtle_controler.cpp:[m[K In member function â€˜[01m[Kdouble PathFinding::getDistance(double, double, double, double)[m[Kâ€™:
[01m[K/root/ros2_ws/src/endicott/src/endicott_turtle_controler.cpp:22:24:[m[K [01;31m[Kerror: [m[Kâ€˜[01m[Kpow[m[Kâ€™ was not declared in this scope
   22 |            return sqrt([01;31m[Kpow[m[K((x1-x2),2) + pow((y1-y2),2));
      |                        [01;31m[K^~~[m[K
[01m[K/root/ros2_ws/src/endicott/src/endicott_turtle_controler.cpp:22:19:[m[K [01;31m[Kerror: [m[Kâ€˜[01m[Ksqrt[m[Kâ€™ was not declared in this scope
   22 |            return [01;31m[Ksqrt[m[K(pow((x1-x2),2) + pow((y1-y2),2));
      |                   [01;31m[K^~~~[m[K
[01m[K/root/ros2_ws/src/endicott/src/endicott_turtle_controler.cpp:[m[K In member function â€˜[01m[Kvoid PathFinding::moveGoal()[m[Kâ€™:
[01m[K/root/ros2_ws/src/endicott/src/endicott_turtle_controler.cpp:26:13:[m[K [01;31m[Kerror: [m[Kâ€˜[01m[Kgeometry_msgs[m[Kâ€™ has not been declared
   26 |             [01;31m[Kgeometry_msgs[m[K::Twist vel_msg;
      |             [01;31m[K^~~~~~~~~~~~~[m[K
[01m[K/root/ros2_ws/src/endicott/src/endicott_turtle_controler.cpp:27:13:[m[K [01;31m[Kerror: [m[Kâ€˜[01m[Kros[m[Kâ€™ has not been declared
   27 |             [01;31m[Kros[m[K::Rate loop_rate(10);
      |             [01;31m[K^~~[m[K
[01m[K/root/ros2_ws/src/endicott/src/endicott_turtle_controler.cpp:30:20:[m[K [01;31m[Kerror: [m[Kâ€˜[01m[Kvel_msg[m[Kâ€™ was not declared in this scope
   30 |                    [01;31m[Kvel_msg[m[K.linear.x = 1.5*getDistance(initLocation.x,initLocation.y,finalLocation.x,finalLocation.y);
      |                    [01;31m[K^~~~~~~[m[K
[01m[K/root/ros2_ws/src/endicott/src/endicott_turtle_controler.cpp:30:55:[m[K [01;31m[Kerror: [m[Kâ€˜[01m[KinitLocation[m[Kâ€™ was not declared in this scope
   30 |                    vel_msg.linear.x = 1.5*getDistance([01;31m[KinitLocation[m[K.x,initLocation.y,finalLocation.x,finalLocation.y);
      |                                                       [01;31m[K^~~~~~~~~~~~[m[K
[01m[K/root/ros2_ws/src/endicott/src/endicott_turtle_controler.cpp:30:85:[m[K [01;31m[Kerror: [m[Kâ€˜[01m[KfinalLocation[m[Kâ€™ was not declared in this scope
   30 |                    vel_msg.linear.x = 1.5*getDistance(initLocation.x,initLocation.y,[01;31m[KfinalLocation[m[K.x,finalLocation.y);
      |                                                                                     [01;31m[K^~~~~~~~~~~~~[m[K
[01m[K/root/ros2_ws/src/endicott/src/endicott_turtle_controler.cpp:36:43:[m[K [01;31m[Kerror: [m[Kâ€˜[01m[Katan2[m[Kâ€™ was not declared in this scope
   36 |                    vel_msg.angular.z = 4*([01;31m[Katan2[m[K(finalLocation.y-initLocation.y,finalLocation.x-initLocation.x) - initLocation.theta);
      |                                           [01;31m[K^~~~~[m[K
[01m[K/root/ros2_ws/src/endicott/src/endicott_turtle_controler.cpp:38:20:[m[K [01;31m[Kerror: [m[Kâ€˜[01m[Kcmd_vel_pub[m[Kâ€™ was not declared in this scope
   38 |                    [01;31m[Kcmd_vel_pub[m[K.publish(vel_msg);
      |                    [01;31m[K^~~~~~~~~~~[m[K
[01m[K/root/ros2_ws/src/endicott/src/endicott_turtle_controler.cpp:40:20:[m[K [01;31m[Kerror: [m[Kâ€˜[01m[Kros[m[Kâ€™ has not been declared
   40 |                    [01;31m[Kros[m[K::spinOnce();
      |                    [01;31m[K^~~[m[K
[01m[K/root/ros2_ws/src/endicott/src/endicott_turtle_controler.cpp:41:20:[m[K [01;31m[Kerror: [m[Kâ€˜[01m[Kloop_rate[m[Kâ€™ was not declared in this scope
   41 |                    [01;31m[Kloop_rate[m[K.sleep();
      |                    [01;31m[K^~~~~~~~~[m[K
[01m[K/root/ros2_ws/src/endicott/src/endicott_turtle_controler.cpp:45:31:[m[K [01;31m[Kerror: [m[Kâ€˜[01m[KinitLocation[m[Kâ€™ was not declared in this scope
   45 |             while(getDistance([01;31m[KinitLocation[m[K.x,initLocation.y,finalLocation.x,finalLocation.y) > distance_tolerance);
      |                               [01;31m[K^~~~~~~~~~~~[m[K
[01m[K/root/ros2_ws/src/endicott/src/endicott_turtle_controler.cpp:45:61:[m[K [01;31m[Kerror: [m[Kâ€˜[01m[KfinalLocation[m[Kâ€™ was not declared in this scope
   45 |             while(getDistance(initLocation.x,initLocation.y,[01;31m[KfinalLocation[m[K.x,finalLocation.y) > distance_tolerance);
      |                                                             [01;31m[K^~~~~~~~~~~~~[m[K
[01m[K/root/ros2_ws/src/endicott/src/endicott_turtle_controler.cpp:47:13:[m[K [01;31m[Kerror: [m[Kâ€˜[01m[Kvel_msg[m[Kâ€™ was not declared in this scope
   47 |             [01;31m[Kvel_msg[m[K.linear.x = 0;
      |             [01;31m[K^~~~~~~[m[K
[01m[K/root/ros2_ws/src/endicott/src/endicott_turtle_controler.cpp:50:13:[m[K [01;31m[Kerror: [m[Kâ€˜[01m[Kcmd_vel_pub[m[Kâ€™ was not declared in this scope
   50 |             [01;31m[Kcmd_vel_pub[m[K.publish(vel_msg);
      |             [01;31m[K^~~~~~~~~~~[m[K
[01m[K/root/ros2_ws/src/endicott/src/endicott_turtle_controler.cpp:[m[K At global scope:
[01m[K/root/ros2_ws/src/endicott/src/endicott_turtle_controler.cpp:61:3:[m[K [01;31m[Kerror: [m[Kexpected declaration before â€˜[01m[K}[m[Kâ€™ token
   61 |   [01;31m[K}[m[K
      |   [01;31m[K^[m[K
[01m[K/root/ros2_ws/src/endicott/src/endicott_turtle_controler.cpp:62:7:[m[K [01;31m[Kerror: [m[Kexpected unqualified-id before â€˜[01m[Kthis[m[Kâ€™
   62 |   and [01;31m[Kthis[m[K is how I use it:
      |       [01;31m[K^~~~[m[K
gmake[2]: *** [CMakeFiles/endicott_turtle_controler.dir/build.make:76: CMakeFiles/endicott_turtle_controler.dir/src/endicott_turtle_controler.cpp.o] Error 1
gmake[1]: *** [CMakeFiles/Makefile2:137: CMakeFiles/endicott_turtle_controler.dir/all] Error 2
gmake: *** [Makefile:146: all] Error 2
