[0.018s] Invoking command in '/root/ros2_ws/build/endicott': CMAKE_PREFIX_PATH=${CMAKE_PREFIX_PATH}:/opt/ros/humble /usr/bin/cmake --build /root/ros2_ws/build/endicott -- -j8 -l8
[0.051s] [35m[1mConsolidate compiler generated dependencies of target endicott_turtle_controler[0m
[0.062s] [ 50%] [32mBuilding CXX object CMakeFiles/endicott_turtle_controler.dir/src/endicott_turtle_controler.cpp.o[0m
[0.077s] [01m[K/root/ros2_ws/src/endicott/src/endicott_turtle_controler.cpp:5:6:[m[K [01;31m[Kerror: [m[Kâ€˜[01m[Kturtlesim[m[Kâ€™ does not name a type
[0.077s]     5 |      [01;31m[Kturtlesim[m[K::Pose initLocation;
[0.077s]       |      [01;31m[K^~~~~~~~~[m[K
[0.078s] [01m[K/root/ros2_ws/src/endicott/src/endicott_turtle_controler.cpp:6:6:[m[K [01;31m[Kerror: [m[Kâ€˜[01m[Kturtlesim[m[Kâ€™ does not name a type
[0.078s]     6 |      [01;31m[Kturtlesim[m[K::Pose finalLocation;
[0.078s]       |      [01;31m[K^~~~~~~~~[m[K
[0.079s] [01m[K/root/ros2_ws/src/endicott/src/endicott_turtle_controler.cpp:8:6:[m[K [01;31m[Kerror: [m[Kâ€˜[01m[Kros[m[Kâ€™ does not name a type
[0.079s]     8 |      [01;31m[Kros[m[K::Publisher cmd_vel_pub;
[0.079s]       |      [01;31m[K^~~[m[K
[0.079s] [01m[K/root/ros2_ws/src/endicott/src/endicott_turtle_controler.cpp:9:6:[m[K [01;31m[Kerror: [m[Kâ€˜[01m[Kros[m[Kâ€™ does not name a type
[0.079s]     9 |      [01;31m[Kros[m[K::Subscriber pose_sub;
[0.079s]       |      [01;31m[K^~~[m[K
[0.080s] [01m[K/root/ros2_ws/src/endicott/src/endicott_turtle_controler.cpp:10:6:[m[K [01;31m[Kerror: [m[Kâ€˜[01m[Kros[m[Kâ€™ does not name a type
[0.080s]    10 |      [01;31m[Kros[m[K::NodeHandle nh;
[0.080s]       |      [01;31m[K^~~[m[K
[0.080s] [01m[K/root/ros2_ws/src/endicott/src/endicott_turtle_controler.cpp:12:18:[m[K [01;31m[Kerror: [m[Kâ€˜[01m[Kturtlesim[m[Kâ€™ has not been declared
[0.081s]    12 |      PathFinding([01;31m[Kturtlesim[m[K::Pose goal, double d, ros::NodeHandle &n){
[0.081s]       |                  [01;31m[K^~~~~~~~~[m[K
[0.081s] [01m[K/root/ros2_ws/src/endicott/src/endicott_turtle_controler.cpp:12:33:[m[K [01;31m[Kerror: [m[Kexpected â€˜[01m[K)[m[Kâ€™ before â€˜[01m[Kgoal[m[Kâ€™
[0.081s]    12 |      PathFinding[34m[K([m[Kturtlesim::Pose[01;31m[K [m[K[32m[Kgoal[m[K, double d, ros::NodeHandle &n){
[0.081s]       |                 [34m[K~[m[K               [01;31m[K^[m[K[32m[K~~~~[m[K
[0.081s]       |                                 [32m[K)[m[K
[0.081s] [01m[K/root/ros2_ws/src/endicott/src/endicott_turtle_controler.cpp:55:31:[m[K [01;31m[Kerror: [m[Kâ€˜[01m[Kturtlesim[m[Kâ€™ does not name a type
[0.081s]    55 |       void poseCallBack(const [01;31m[Kturtlesim[m[K::Pose &p_msg){
[0.082s]       |                               [01;31m[K^~~~~~~~~[m[K
[0.082s] [01m[K/root/ros2_ws/src/endicott/src/endicott_turtle_controler.cpp:55:47:[m[K [01;31m[Kerror: [m[Kexpected unqualified-id before â€˜[01m[K&[m[Kâ€™ token
[0.082s]    55 |       void poseCallBack(const turtlesim::Pose [01;31m[K&[m[Kp_msg){
[0.082s]       |                                               [01;31m[K^[m[K
[0.082s] [01m[K/root/ros2_ws/src/endicott/src/endicott_turtle_controler.cpp:55:46:[m[K [01;31m[Kerror: [m[Kexpected â€˜[01m[K)[m[Kâ€™ before â€˜[01m[K&[m[Kâ€™ token
[0.082s]    55 |       void poseCallBack[34m[K([m[Kconst turtlesim::Pose[01;31m[K [m[K[32m[K&[m[Kp_msg){
[0.082s]       |                        [34m[K~[m[K                     [01;31m[K^[m[K[32m[K~[m[K
[0.082s]       |                                              [32m[K)[m[K
[0.082s] [01m[K/root/ros2_ws/src/endicott/src/endicott_turtle_controler.cpp:55:47:[m[K [01;31m[Kerror: [m[Kexpected â€˜[01m[K;[m[Kâ€™ at end of member declaration
[0.082s]    55 |       void poseCallBack(const turtlesim::Pose [01;31m[K&[m[Kp_msg){
[0.082s]       |                                               [01;31m[K^[m[K
[0.082s]       |                                                [32m[K;[m[K
[0.082s] [01m[K/root/ros2_ws/src/endicott/src/endicott_turtle_controler.cpp:55:48:[m[K [01;31m[Kerror: [m[Kâ€˜[01m[Kp_msg[m[Kâ€™ does not name a type
[0.082s]    55 |       void poseCallBack(const turtlesim::Pose &[01;31m[Kp_msg[m[K){
[0.083s]       |                                                [01;31m[K^~~~~[m[K
[0.083s] [01m[K/root/ros2_ws/src/endicott/src/endicott_turtle_controler.cpp:[m[K In member function â€˜[01m[Kdouble PathFinding::getDistance(double, double, double, double)[m[Kâ€™:
[0.083s] [01m[K/root/ros2_ws/src/endicott/src/endicott_turtle_controler.cpp:22:24:[m[K [01;31m[Kerror: [m[Kâ€˜[01m[Kpow[m[Kâ€™ was not declared in this scope
[0.083s]    22 |            return sqrt([01;31m[Kpow[m[K((x1-x2),2) + pow((y1-y2),2));
[0.083s]       |                        [01;31m[K^~~[m[K
[0.084s] [01m[K/root/ros2_ws/src/endicott/src/endicott_turtle_controler.cpp:22:19:[m[K [01;31m[Kerror: [m[Kâ€˜[01m[Ksqrt[m[Kâ€™ was not declared in this scope
[0.084s]    22 |            return [01;31m[Ksqrt[m[K(pow((x1-x2),2) + pow((y1-y2),2));
[0.084s]       |                   [01;31m[K^~~~[m[K
[0.084s] [01m[K/root/ros2_ws/src/endicott/src/endicott_turtle_controler.cpp:[m[K In member function â€˜[01m[Kvoid PathFinding::moveGoal()[m[Kâ€™:
[0.084s] [01m[K/root/ros2_ws/src/endicott/src/endicott_turtle_controler.cpp:26:13:[m[K [01;31m[Kerror: [m[Kâ€˜[01m[Kgeometry_msgs[m[Kâ€™ has not been declared
[0.084s]    26 |             [01;31m[Kgeometry_msgs[m[K::Twist vel_msg;
[0.084s]       |             [01;31m[K^~~~~~~~~~~~~[m[K
[0.084s] [01m[K/root/ros2_ws/src/endicott/src/endicott_turtle_controler.cpp:27:13:[m[K [01;31m[Kerror: [m[Kâ€˜[01m[Kros[m[Kâ€™ has not been declared
[0.085s]    27 |             [01;31m[Kros[m[K::Rate loop_rate(10);
[0.085s]       |             [01;31m[K^~~[m[K
[0.085s] [01m[K/root/ros2_ws/src/endicott/src/endicott_turtle_controler.cpp:30:20:[m[K [01;31m[Kerror: [m[Kâ€˜[01m[Kvel_msg[m[Kâ€™ was not declared in this scope
[0.085s]    30 |                    [01;31m[Kvel_msg[m[K.linear.x = 1.5*getDistance(initLocation.x,initLocation.y,finalLocation.x,finalLocation.y);
[0.085s]       |                    [01;31m[K^~~~~~~[m[K
[0.087s] [01m[K/root/ros2_ws/src/endicott/src/endicott_turtle_controler.cpp:30:55:[m[K [01;31m[Kerror: [m[Kâ€˜[01m[KinitLocation[m[Kâ€™ was not declared in this scope
[0.087s]    30 |                    vel_msg.linear.x = 1.5*getDistance([01;31m[KinitLocation[m[K.x,initLocation.y,finalLocation.x,finalLocation.y);
[0.087s]       |                                                       [01;31m[K^~~~~~~~~~~~[m[K
[0.089s] [01m[K/root/ros2_ws/src/endicott/src/endicott_turtle_controler.cpp:30:85:[m[K [01;31m[Kerror: [m[Kâ€˜[01m[KfinalLocation[m[Kâ€™ was not declared in this scope
[0.090s]    30 |                    vel_msg.linear.x = 1.5*getDistance(initLocation.x,initLocation.y,[01;31m[KfinalLocation[m[K.x,finalLocation.y);
[0.090s]       |                                                                                     [01;31m[K^~~~~~~~~~~~~[m[K
[0.091s] [01m[K/root/ros2_ws/src/endicott/src/endicott_turtle_controler.cpp:36:43:[m[K [01;31m[Kerror: [m[Kâ€˜[01m[Katan2[m[Kâ€™ was not declared in this scope
[0.091s]    36 |                    vel_msg.angular.z = 4*([01;31m[Katan2[m[K(finalLocation.y-initLocation.y,finalLocation.x-initLocation.x) - initLocation.theta);
[0.091s]       |                                           [01;31m[K^~~~~[m[K
[0.093s] [01m[K/root/ros2_ws/src/endicott/src/endicott_turtle_controler.cpp:38:20:[m[K [01;31m[Kerror: [m[Kâ€˜[01m[Kcmd_vel_pub[m[Kâ€™ was not declared in this scope
[0.093s]    38 |                    [01;31m[Kcmd_vel_pub[m[K.publish(vel_msg);
[0.093s]       |                    [01;31m[K^~~~~~~~~~~[m[K
[0.093s] [01m[K/root/ros2_ws/src/endicott/src/endicott_turtle_controler.cpp:40:20:[m[K [01;31m[Kerror: [m[Kâ€˜[01m[Kros[m[Kâ€™ has not been declared
[0.093s]    40 |                    [01;31m[Kros[m[K::spinOnce();
[0.093s]       |                    [01;31m[K^~~[m[K
[0.094s] [01m[K/root/ros2_ws/src/endicott/src/endicott_turtle_controler.cpp:41:20:[m[K [01;31m[Kerror: [m[Kâ€˜[01m[Kloop_rate[m[Kâ€™ was not declared in this scope
[0.094s]    41 |                    [01;31m[Kloop_rate[m[K.sleep();
[0.094s]       |                    [01;31m[K^~~~~~~~~[m[K
[0.095s] [01m[K/root/ros2_ws/src/endicott/src/endicott_turtle_controler.cpp:45:31:[m[K [01;31m[Kerror: [m[Kâ€˜[01m[KinitLocation[m[Kâ€™ was not declared in this scope
[0.095s]    45 |             while(getDistance([01;31m[KinitLocation[m[K.x,initLocation.y,finalLocation.x,finalLocation.y) > distance_tolerance);
[0.095s]       |                               [01;31m[K^~~~~~~~~~~~[m[K
[0.096s] [01m[K/root/ros2_ws/src/endicott/src/endicott_turtle_controler.cpp:45:61:[m[K [01;31m[Kerror: [m[Kâ€˜[01m[KfinalLocation[m[Kâ€™ was not declared in this scope
[0.096s]    45 |             while(getDistance(initLocation.x,initLocation.y,[01;31m[KfinalLocation[m[K.x,finalLocation.y) > distance_tolerance);
[0.096s]       |                                                             [01;31m[K^~~~~~~~~~~~~[m[K
[0.098s] [01m[K/root/ros2_ws/src/endicott/src/endicott_turtle_controler.cpp:47:13:[m[K [01;31m[Kerror: [m[Kâ€˜[01m[Kvel_msg[m[Kâ€™ was not declared in this scope
[0.098s]    47 |             [01;31m[Kvel_msg[m[K.linear.x = 0;
[0.098s]       |             [01;31m[K^~~~~~~[m[K
[0.099s] [01m[K/root/ros2_ws/src/endicott/src/endicott_turtle_controler.cpp:50:13:[m[K [01;31m[Kerror: [m[Kâ€˜[01m[Kcmd_vel_pub[m[Kâ€™ was not declared in this scope
[0.100s]    50 |             [01;31m[Kcmd_vel_pub[m[K.publish(vel_msg);
[0.100s]       |             [01;31m[K^~~~~~~~~~~[m[K
[0.100s] [01m[K/root/ros2_ws/src/endicott/src/endicott_turtle_controler.cpp:[m[K At global scope:
[0.100s] [01m[K/root/ros2_ws/src/endicott/src/endicott_turtle_controler.cpp:61:3:[m[K [01;31m[Kerror: [m[Kexpected declaration before â€˜[01m[K}[m[Kâ€™ token
[0.100s]    61 |   [01;31m[K}[m[K
[0.100s]       |   [01;31m[K^[m[K
[0.100s] [01m[K/root/ros2_ws/src/endicott/src/endicott_turtle_controler.cpp:62:7:[m[K [01;31m[Kerror: [m[Kexpected unqualified-id before â€˜[01m[Kthis[m[Kâ€™
[0.100s]    62 |   and [01;31m[Kthis[m[K is how I use it:
[0.100s]       |       [01;31m[K^~~~[m[K
[0.103s] gmake[2]: *** [CMakeFiles/endicott_turtle_controler.dir/build.make:76: CMakeFiles/endicott_turtle_controler.dir/src/endicott_turtle_controler.cpp.o] Error 1
[0.103s] gmake[1]: *** [CMakeFiles/Makefile2:137: CMakeFiles/endicott_turtle_controler.dir/all] Error 2
[0.103s] gmake: *** [Makefile:146: all] Error 2
[0.108s] Invoked command in '/root/ros2_ws/build/endicott' returned '2': CMAKE_PREFIX_PATH=${CMAKE_PREFIX_PATH}:/opt/ros/humble /usr/bin/cmake --build /root/ros2_ws/build/endicott -- -j8 -l8
